--------------- Build Started: 08/08/2018 12:12:35 Project: FC_Impresion, Configuration: ARM GCC 5.4-2016-q2-update Debug ---------------
cydsfit.exe -.appdatapath "C:\Users\leo40\AppData\Local\Cypress Semiconductor\PSoC Creator\4.2" -.fdsnotice -.fdswarpdepfile=warp_dependencies.txt -.fdselabdepfile=elab_dependencies.txt -.fdsbldfile=generated_files.txt -.fdsreffile=referenced_files.txt -p C:\Users\leo40\OneDrive\Empresa\Proyectos\Orange_Pi\Carro_Taller\Prueba_USB\V1.0\FC_Impresion.cydsn\FC_Impresion.cyprj -d CY8C5888LTI-LP097 -s C:\Users\leo40\OneDrive\Empresa\Proyectos\Orange_Pi\Carro_Taller\Prueba_USB\V1.0\FC_Impresion.cydsn\Generated_Source\PSoC5 -- -yv2 -q10 -ygs -o2 -v3 -.fftcfgtype=LE
Elaborating Design...
ADD: fit.M0014: warning: One or more rows of flash have been configured to be read protected; however, debugging has been enabled in the System DWR Editor. This means that the read protected flash rows can still be read via SWD or JTAG. To protect these rows of flash, disable debugging in the System DWR Editor.
 * C:\Users\leo40\OneDrive\Empresa\Proyectos\Orange_Pi\Carro_Taller\Prueba_USB\V1.0\FC_Impresion.cydsn\FC_Impresion.cydwr (Enable Device Protection)
HDL Generation...
Synthesis...
Tech Mapping...
Info: plm.M0038: The pin named Select0_RFID(0) at location P12[4] prevents usage of special purposes: I2C:SCL. (App=cydsfit)
Analog Placement...
Analog Routing...
Analog Code Generation...
Digital Placement...
Digital Routing...
Bitstream Generation...
Bitstream Verification...
Static timing analysis...
API Generation...
Dependency Generation...
Cleanup...
The compile step is up to date, no work needs to be done.
The link step is up to date, no work needs to be done.
--------------- Build Succeeded: 08/08/2018 12:12:51 ---------------
