#***************************************************************************

#sjplacer

#Version:            1.1

#Build Date:         Dec  5 2017 15:35:27

#File Generated:     Aug 8 2018 12:12:41

#Purpose:            

#Copyright (C) 2010-2011 by Softjin Technologies Pvt Ltd. All rights reserved.

#***************************************************************************

Executing : C:\Program Files (x86)\Cypress\PSoC Creator\4.2\PSoC Creator\bin/sjplacer.exe --proj-name FC_Impresion --netlist-vh2 FC_Impresion_p.vh2 --arch p35_udb4x6 --arch-file C:\Program Files (x86)\Cypress\PSoC Creator\4.2\PSoC Creator\dev\arch/udbdsi_4x6_24.cydata --ip-file C:\Program Files (x86)\Cypress\PSoC Creator\4.2\PSoC Creator\dev\psoc5/psoc5lp/ip_blocks.cydata --rrg-file C:\Program Files (x86)\Cypress\PSoC Creator\4.2\PSoC Creator\dev\psoc5/psoc5lp/route_arch-rrg.cydata --irq-file C:\Program Files (x86)\Cypress\PSoC Creator\4.2\PSoC Creator\dev\psoc5/psoc5lp/irqconn.cydata --drq-file C:\Program Files (x86)\Cypress\PSoC Creator\4.2\PSoC Creator\dev\psoc5/psoc5lp/dmaconn.cydata --dsi-conn-file C:\Program Files (x86)\Cypress\PSoC Creator\4.2\PSoC Creator\dev\psoc5/psoc5lp/dsiconn.cydata --pins-file pins_68-QFN.xml --lib-file FC_Impresion_p.lib --sdc-file FC_Impresion.sdc --io-pcf FC_Impresion.pci --outdir .

		Softjin Techologies Placer, Version 1.1

Build Date : Dec  5 2017	15:33:41

D2004: Option and Settings Summary
=============================================================
Netlist vh2 file          - FC_Impresion_p.vh2
Architecture file         - C:\Program Files (x86)\Cypress\PSoC Creator\4.2\PSoC Creator\dev\arch/udbdsi_4x6_24.cydata
Package                   - 
Defparam file             - 
SDC file                  - FC_Impresion.sdc
Output directory          - .
Timing library            - FC_Impresion_p.lib
IO Placement file         - FC_Impresion.pci

D2050: Starting reading inputs for placer
=============================================================
D2065: Reading netlist file : "FC_Impresion_p.vh2"
D2065: Reading arch file : "C:\Program Files (x86)\Cypress\PSoC Creator\4.2\PSoC Creator\dev\arch/udbdsi_4x6_24.cydata"
D2051: Reading of inputs for placer completed successfully

D2053: Starting placement of the design
=============================================================

Phase 2
Phase 3

Design Statistics after Packing
    Number of Combinational MCs 	:	40
    Number of Sequential MCs    	:	80
    Number of DPs               	:	15
    Number of Controls          	:	5
    Number of Status            	:	10
    Number of SyncCells         	:	7
    Number of count7cells       	:	5

Device Utilization Summary after Packing
    Macrocells                  :	120/192
    UDBS                        :	20/24
    IOs                         :	26/72


D2088: Phase 3, elapsed time : 0.0 (sec)

Phase 4
D2088: Phase 4, elapsed time : 0.0 (sec)

Phase 5
D2088: Phase 5, elapsed time : 0.0 (sec)

Phase 6

######################################################################
Placement Timing Summary

The timing summary is based on estimated routing delays after
placement. For final timing report, please carry out the timing
analysis after routing.
======================================================================

######################################################################
                     Clock Summary 
======================================================================
Number of clocks: 12
Clock: Bluetooth_IntClock   | Frequency:  56.2 MHz | Target:   0.1 MHz
Clock: Clock_1              | Frequency: N/A       | Target:   0.0 MHz
Clock: CyBUS_CLK            | Frequency:  52.0 MHz | Target:  66.0 MHz
Clock: CyBUS_CLK(fixed-function) | Frequency: N/A       | Target:  66.0 MHz
Clock: CyILO                | Frequency: N/A       | Target:   0.1 MHz
Clock: CyIMO                | Frequency: N/A       | Target:  24.0 MHz
Clock: CyMASTER_CLK         | Frequency: N/A       | Target:  66.0 MHz
Clock: CyPLL_OUT            | Frequency: N/A       | Target:  66.0 MHz
Clock: PSOC_IntClock        | Frequency:  48.5 MHz | Target:   0.9 MHz
Clock: RFID_IntClock        | Frequency:  43.4 MHz | Target:   0.1 MHz
Clock: RS232_IntClock       | Frequency:  52.1 MHz | Target:   0.9 MHz
Clock: Surtidor_IntClock    | Frequency:  47.3 MHz | Target:   0.0 MHz

======================================================================
                     End of Clock Summary
######################################################################

D2088: Phase 6, elapsed time : 0.1 (sec)

Phase 7
######################################################################
                     Clock Summary 
======================================================================
Number of clocks: 12
Clock: Bluetooth_IntClock   | Frequency:  59.1 MHz | Target:   0.1 MHz
Clock: Clock_1              | Frequency: N/A       | Target:   0.0 MHz
Clock: CyBUS_CLK            | Frequency:  68.5 MHz | Target:  66.0 MHz
Clock: CyBUS_CLK(fixed-function) | Frequency: N/A       | Target:  66.0 MHz
Clock: CyILO                | Frequency: N/A       | Target:   0.1 MHz
Clock: CyIMO                | Frequency: N/A       | Target:  24.0 MHz
Clock: CyMASTER_CLK         | Frequency: N/A       | Target:  66.0 MHz
Clock: CyPLL_OUT            | Frequency: N/A       | Target:  66.0 MHz
Clock: PSOC_IntClock        | Frequency:  51.4 MHz | Target:   0.9 MHz
Clock: RFID_IntClock        | Frequency:  50.5 MHz | Target:   0.1 MHz
Clock: RS232_IntClock       | Frequency:  47.6 MHz | Target:   0.9 MHz
Clock: Surtidor_IntClock    | Frequency:  49.3 MHz | Target:   0.0 MHz

======================================================================
                     End of Clock Summary
######################################################################
D2088: Phase 7, elapsed time : 1.6 (sec)

Final Design Statistics
    Number of Combinational MCs 	:	40
    Number of Sequential MCs    	:	80
    Number of DPs               	:	15
    Number of Controls          	:	5
    Number of Status            	:	10
    Number of SyncCells         	:	7
    Number of count7cells       	:	5
    Number of IOs       	:	26

Device Utilization Summary
    Macrocells                  :	120/192
    IOs                         :	26/72



######################################################################
Placement Timing Summary

The timing summary is based on estimated routing delays after
placement. For final timing report, please carry out the timing
analysis after routing.
======================================================================


######################################################################
                     Clock Summary 
======================================================================
Number of clocks: 12
Clock: Bluetooth_IntClock   | Frequency:   9.4 MHz | Target:   0.1 MHz
Clock: Clock_1              | Frequency: N/A       | Target:   0.0 MHz
Clock: CyBUS_CLK            | Frequency:   9.4 MHz | Target:  66.0 MHz
Clock: CyBUS_CLK(fixed-function) | Frequency: N/A       | Target:  66.0 MHz
Clock: CyILO                | Frequency: N/A       | Target:   0.1 MHz
Clock: CyIMO                | Frequency: N/A       | Target:  24.0 MHz
Clock: CyMASTER_CLK         | Frequency: N/A       | Target:  66.0 MHz
Clock: CyPLL_OUT            | Frequency: N/A       | Target:  66.0 MHz
Clock: PSOC_IntClock        | Frequency:  10.2 MHz | Target:   0.9 MHz
Clock: RFID_IntClock        | Frequency:   9.4 MHz | Target:   0.1 MHz
Clock: RS232_IntClock       | Frequency:   9.4 MHz | Target:   0.9 MHz
Clock: Surtidor_IntClock    | Frequency:  10.2 MHz | Target:   0.0 MHz

======================================================================
                     End of Clock Summary
######################################################################

Phase 8
D2088: Phase 8, elapsed time : 0.0 (sec)

D2054: Placement of the design completed successfully

I2076: Total run-time: 2.5 sec.

