ARM GAS  C:\Users\ASUS\AppData\Local\Temp\ccLm5lP4.s 			page 1


   1              		.syntax unified
   2              		.cpu cortex-m3
   3              		.fpu softvfp
   4              		.eabi_attribute 20, 1
   5              		.eabi_attribute 21, 1
   6              		.eabi_attribute 23, 3
   7              		.eabi_attribute 24, 1
   8              		.eabi_attribute 25, 1
   9              		.eabi_attribute 26, 1
  10              		.eabi_attribute 30, 1
  11              		.eabi_attribute 34, 1
  12              		.eabi_attribute 18, 4
  13              		.thumb
  14              		.file	"i2c.c"
  15              		.text
  16              	.Ltext0:
  17              		.cfi_sections	.debug_frame
  18              		.section	.text.leer_hora,"ax",%progbits
  19              		.align	2
  20              		.global	leer_hora
  21              		.thumb
  22              		.thumb_func
  23              		.type	leer_hora, %function
  24              	leer_hora:
  25              	.LFB63:
  26              		.file 1 ".\\i2c.c"
   1:.\i2c.c       **** /*
   2:.\i2c.c       **** ***************************************************************************************************
   3:.\i2c.c       **** *                                         FC_Impresion CODE
   4:.\i2c.c       **** *
   5:.\i2c.c       **** *                             (c) Copyright 2016; Distracom S.A
   6:.\i2c.c       **** *
   7:.\i2c.c       **** *               All rights reserved.  Protected by international copyright laws.
   8:.\i2c.c       **** *               Knowledge of the source code may NOT be used to develop a similar product.
   9:.\i2c.c       **** *               Please help us continue to provide the Embedded community with the finest
  10:.\i2c.c       **** *               software available.  Your honesty is greatly appreciated.
  11:.\i2c.c       **** ***************************************************************************************************
  12:.\i2c.c       **** */
  13:.\i2c.c       **** 
  14:.\i2c.c       **** /*
  15:.\i2c.c       **** ***************************************************************************************************
  16:.\i2c.c       **** *
  17:.\i2c.c       **** *                                            FC_Impresion CODE
  18:.\i2c.c       **** *
  19:.\i2c.c       **** *                                             CYPRESS PSoC5LP
  20:.\i2c.c       **** *                                                with the
  21:.\i2c.c       **** *                                            CY8C5888LTI-LP097
  22:.\i2c.c       **** *
  23:.\i2c.c       **** * Filename      : i2c.c
  24:.\i2c.c       **** * Version       : V1.00
  25:.\i2c.c       **** * Programmer(s) : Leonardo Orjuela   
  26:.\i2c.c       ****                   
  27:.\i2c.c       **** ***************************************************************************************************
  28:.\i2c.c       **** */
  29:.\i2c.c       **** 
  30:.\i2c.c       **** /*
  31:.\i2c.c       **** ***************************************************************************************************
ARM GAS  C:\Users\ASUS\AppData\Local\Temp\ccLm5lP4.s 			page 2


  32:.\i2c.c       **** *                                             INCLUDE FILES
  33:.\i2c.c       **** ***************************************************************************************************
  34:.\i2c.c       **** */
  35:.\i2c.c       **** #include <project.h>
  36:.\i2c.c       **** #include "VariablesG.h"
  37:.\i2c.c       **** 
  38:.\i2c.c       **** /*
  39:.\i2c.c       **** ***************************************************************************************************
  40:.\i2c.c       **** *                                         uint8 leer_hora( void )
  41:.\i2c.c       **** *
  42:.\i2c.c       **** * Description : 
  43:.\i2c.c       **** *               
  44:.\i2c.c       **** *
  45:.\i2c.c       **** * Argument(s) : none
  46:.\i2c.c       **** *
  47:.\i2c.c       **** * Return(s)   : none
  48:.\i2c.c       **** *
  49:.\i2c.c       **** * Caller(s)   : 
  50:.\i2c.c       **** *
  51:.\i2c.c       **** * Note(s)     : none.
  52:.\i2c.c       **** ***************************************************************************************************
  53:.\i2c.c       **** */
  54:.\i2c.c       **** uint8 leer_hora(){
  27              		.loc 1 54 0
  28              		.cfi_startproc
  29              		@ args = 0, pretend = 0, frame = 0
  30              		@ frame_needed = 0, uses_anonymous_args = 0
  31 0000 38B5     		push	{r3, r4, r5, lr}
  32              		.cfi_def_cfa_offset 16
  33              		.cfi_offset 3, -16
  34              		.cfi_offset 4, -12
  35              		.cfi_offset 5, -8
  36              		.cfi_offset 14, -4
  37              	.LVL0:
  55:.\i2c.c       **** 	uint8 status,i;
  56:.\i2c.c       **** 	for(i=1;i<=2;i++){
  38              		.loc 1 56 0
  39 0002 0124     		movs	r4, #1
  40 0004 1DE0     		b	.L2
  41              	.LVL1:
  42              	.L4:
  57:.\i2c.c       ****         I2C_1_MasterClearStatus();
  43              		.loc 1 57 0
  44 0006 FFF7FEFF 		bl	I2C_1_MasterClearStatus
  45              	.LVL2:
  58:.\i2c.c       ****         status = I2C_1_MasterSendStart(0x68, I2C_1_WRITE_XFER_MODE);
  46              		.loc 1 58 0
  47 000a 6820     		movs	r0, #104
  48 000c 0021     		movs	r1, #0
  49 000e FFF7FEFF 		bl	I2C_1_MasterSendStart
  50              	.LVL3:
  59:.\i2c.c       ****         if(I2C_1_MSTR_NO_ERROR == status)								 		/* Check if transfer completed without errors *
  51              		.loc 1 59 0
  52 0012 D0B9     		cbnz	r0, .L5
  60:.\i2c.c       ****     	{
  61:.\i2c.c       ****             status = I2C_1_MasterWriteByte(i);
  53              		.loc 1 61 0
ARM GAS  C:\Users\ASUS\AppData\Local\Temp\ccLm5lP4.s 			page 3


  54 0014 2046     		mov	r0, r4
  55              	.LVL4:
  56 0016 FFF7FEFF 		bl	I2C_1_MasterWriteByte
  57              	.LVL5:
  62:.\i2c.c       ****             if(status != I2C_1_MSTR_NO_ERROR)
  58              		.loc 1 62 0
  59 001a C0B9     		cbnz	r0, .L6
  63:.\i2c.c       ****             {
  64:.\i2c.c       ****                 return 0;
  65:.\i2c.c       ****             }
  66:.\i2c.c       **** 			else{
  67:.\i2c.c       **** 		        I2C_1_MasterSendStop(); 										/* Send Stop */
  60              		.loc 1 67 0
  61 001c FFF7FEFF 		bl	I2C_1_MasterSendStop
  62              	.LVL6:
  68:.\i2c.c       **** 		        CyDelay(10);
  63              		.loc 1 68 0
  64 0020 0A20     		movs	r0, #10
  65 0022 FFF7FEFF 		bl	CyDelay
  66              	.LVL7:
  69:.\i2c.c       **** 		        status = I2C_1_MasterSendStart(0x68, I2C_1_READ_XFER_MODE);
  67              		.loc 1 69 0
  68 0026 6820     		movs	r0, #104
  69 0028 0121     		movs	r1, #1
  70 002a FFF7FEFF 		bl	I2C_1_MasterSendStart
  71              	.LVL8:
  70:.\i2c.c       **** 		        if(I2C_1_MSTR_NO_ERROR == status){
  72              		.loc 1 70 0
  73 002e 80B9     		cbnz	r0, .L7
  71:.\i2c.c       **** 		            hora[i-1] = I2C_1_MasterReadByte(I2C_1_NAK_DATA);
  74              		.loc 1 71 0
  75 0030 651E     		subs	r5, r4, #1
  76 0032 FFF7FEFF 		bl	I2C_1_MasterReadByte
  77              	.LVL9:
  78 0036 084B     		ldr	r3, .L9
  79 0038 5855     		strb	r0, [r3, r5]
  72:.\i2c.c       **** 		        }
  73:.\i2c.c       **** 				else{
  74:.\i2c.c       **** 					return 0;
  75:.\i2c.c       **** 				}
  76:.\i2c.c       **** 		        I2C_1_MasterSendStop();	
  80              		.loc 1 76 0
  81 003a FFF7FEFF 		bl	I2C_1_MasterSendStop
  82              	.LVL10:
  56:.\i2c.c       ****         I2C_1_MasterClearStatus();
  83              		.loc 1 56 0
  84 003e 0134     		adds	r4, r4, #1
  85              	.LVL11:
  86 0040 E4B2     		uxtb	r4, r4
  87              	.LVL12:
  88              	.L2:
  56:.\i2c.c       ****         I2C_1_MasterClearStatus();
  89              		.loc 1 56 0 is_stmt 0 discriminator 1
  90 0042 022C     		cmp	r4, #2
  91 0044 DFD9     		bls	.L4
  77:.\i2c.c       **** 			}
  78:.\i2c.c       ****         }
ARM GAS  C:\Users\ASUS\AppData\Local\Temp\ccLm5lP4.s 			page 4


  79:.\i2c.c       **** 		else{
  80:.\i2c.c       **** 			return 0;
  81:.\i2c.c       **** 		}		
  82:.\i2c.c       **** 	}
  83:.\i2c.c       **** 	return 1;
  92              		.loc 1 83 0 is_stmt 1
  93 0046 0120     		movs	r0, #1
  94 0048 38BD     		pop	{r3, r4, r5, pc}
  95              	.LVL13:
  96              	.L5:
  80:.\i2c.c       **** 		}		
  97              		.loc 1 80 0
  98 004a 0020     		movs	r0, #0
  99              	.LVL14:
 100 004c 38BD     		pop	{r3, r4, r5, pc}
 101              	.LVL15:
 102              	.L6:
  64:.\i2c.c       ****             }
 103              		.loc 1 64 0
 104 004e 0020     		movs	r0, #0
 105              	.LVL16:
 106 0050 38BD     		pop	{r3, r4, r5, pc}
 107              	.LVL17:
 108              	.L7:
  74:.\i2c.c       **** 				}
 109              		.loc 1 74 0
 110 0052 0020     		movs	r0, #0
 111              	.LVL18:
  84:.\i2c.c       **** }
 112              		.loc 1 84 0
 113 0054 38BD     		pop	{r3, r4, r5, pc}
 114              	.LVL19:
 115              	.L10:
 116 0056 00BF     		.align	2
 117              	.L9:
 118 0058 00000000 		.word	hora
 119              		.cfi_endproc
 120              	.LFE63:
 121              		.size	leer_hora, .-leer_hora
 122              		.section	.text.leer_fecha,"ax",%progbits
 123              		.align	2
 124              		.global	leer_fecha
 125              		.thumb
 126              		.thumb_func
 127              		.type	leer_fecha, %function
 128              	leer_fecha:
 129              	.LFB64:
  85:.\i2c.c       **** 
  86:.\i2c.c       **** /*
  87:.\i2c.c       **** ***************************************************************************************************
  88:.\i2c.c       **** *                                         uint8 leer_fecha( void )
  89:.\i2c.c       **** *
  90:.\i2c.c       **** * Description : 
  91:.\i2c.c       **** *               
  92:.\i2c.c       **** *
  93:.\i2c.c       **** * Argument(s) : none
  94:.\i2c.c       **** *
ARM GAS  C:\Users\ASUS\AppData\Local\Temp\ccLm5lP4.s 			page 5


  95:.\i2c.c       **** * Return(s)   : none
  96:.\i2c.c       **** *
  97:.\i2c.c       **** * Caller(s)   : 
  98:.\i2c.c       **** *
  99:.\i2c.c       **** * Note(s)     : none.
 100:.\i2c.c       **** ***************************************************************************************************
 101:.\i2c.c       **** */
 102:.\i2c.c       **** uint8 leer_fecha(){
 130              		.loc 1 102 0
 131              		.cfi_startproc
 132              		@ args = 0, pretend = 0, frame = 0
 133              		@ frame_needed = 0, uses_anonymous_args = 0
 134 0000 38B5     		push	{r3, r4, r5, lr}
 135              		.cfi_def_cfa_offset 16
 136              		.cfi_offset 3, -16
 137              		.cfi_offset 4, -12
 138              		.cfi_offset 5, -8
 139              		.cfi_offset 14, -4
 140              	.LVL20:
 103:.\i2c.c       **** 	uint8 status,i;
 104:.\i2c.c       **** 	for(i=4;i<=6;i++){
 141              		.loc 1 104 0
 142 0002 0424     		movs	r4, #4
 143 0004 1DE0     		b	.L12
 144              	.LVL21:
 145              	.L14:
 105:.\i2c.c       ****         I2C_1_MasterClearStatus();
 146              		.loc 1 105 0
 147 0006 FFF7FEFF 		bl	I2C_1_MasterClearStatus
 148              	.LVL22:
 106:.\i2c.c       ****         status = I2C_1_MasterSendStart(0x68, I2C_1_WRITE_XFER_MODE);
 149              		.loc 1 106 0
 150 000a 6820     		movs	r0, #104
 151 000c 0021     		movs	r1, #0
 152 000e FFF7FEFF 		bl	I2C_1_MasterSendStart
 153              	.LVL23:
 107:.\i2c.c       ****         if(I2C_1_MSTR_NO_ERROR == status)								 		/* Check if transfer completed without errors *
 154              		.loc 1 107 0
 155 0012 D0B9     		cbnz	r0, .L15
 108:.\i2c.c       ****     	{
 109:.\i2c.c       ****             status = I2C_1_MasterWriteByte(i);
 156              		.loc 1 109 0
 157 0014 2046     		mov	r0, r4
 158              	.LVL24:
 159 0016 FFF7FEFF 		bl	I2C_1_MasterWriteByte
 160              	.LVL25:
 110:.\i2c.c       ****             if(status != I2C_1_MSTR_NO_ERROR)
 161              		.loc 1 110 0
 162 001a C0B9     		cbnz	r0, .L16
 111:.\i2c.c       ****             {
 112:.\i2c.c       ****                 return 0;
 113:.\i2c.c       ****             }
 114:.\i2c.c       **** 			else{
 115:.\i2c.c       **** 		        I2C_1_MasterSendStop(); 										/* Send Stop */
 163              		.loc 1 115 0
 164 001c FFF7FEFF 		bl	I2C_1_MasterSendStop
 165              	.LVL26:
ARM GAS  C:\Users\ASUS\AppData\Local\Temp\ccLm5lP4.s 			page 6


 116:.\i2c.c       **** 		        CyDelay(10);
 166              		.loc 1 116 0
 167 0020 0A20     		movs	r0, #10
 168 0022 FFF7FEFF 		bl	CyDelay
 169              	.LVL27:
 117:.\i2c.c       **** 		        status = I2C_1_MasterSendStart(0x68, I2C_1_READ_XFER_MODE);
 170              		.loc 1 117 0
 171 0026 6820     		movs	r0, #104
 172 0028 0121     		movs	r1, #1
 173 002a FFF7FEFF 		bl	I2C_1_MasterSendStart
 174              	.LVL28:
 118:.\i2c.c       **** 		        if(I2C_1_MSTR_NO_ERROR == status){
 175              		.loc 1 118 0
 176 002e 80B9     		cbnz	r0, .L17
 119:.\i2c.c       **** 		            fecha[i-4] = I2C_1_MasterReadByte(I2C_1_NAK_DATA);
 177              		.loc 1 119 0
 178 0030 251F     		subs	r5, r4, #4
 179 0032 FFF7FEFF 		bl	I2C_1_MasterReadByte
 180              	.LVL29:
 181 0036 084B     		ldr	r3, .L19
 182 0038 5855     		strb	r0, [r3, r5]
 120:.\i2c.c       **** 		        }
 121:.\i2c.c       **** 				else{
 122:.\i2c.c       **** 					return 0;
 123:.\i2c.c       **** 				}
 124:.\i2c.c       **** 		        I2C_1_MasterSendStop();	
 183              		.loc 1 124 0
 184 003a FFF7FEFF 		bl	I2C_1_MasterSendStop
 185              	.LVL30:
 104:.\i2c.c       ****         I2C_1_MasterClearStatus();
 186              		.loc 1 104 0
 187 003e 0134     		adds	r4, r4, #1
 188              	.LVL31:
 189 0040 E4B2     		uxtb	r4, r4
 190              	.LVL32:
 191              	.L12:
 104:.\i2c.c       ****         I2C_1_MasterClearStatus();
 192              		.loc 1 104 0 is_stmt 0 discriminator 1
 193 0042 062C     		cmp	r4, #6
 194 0044 DFD9     		bls	.L14
 125:.\i2c.c       **** 			}
 126:.\i2c.c       ****         }
 127:.\i2c.c       **** 		else{
 128:.\i2c.c       **** 			return 0;
 129:.\i2c.c       **** 		}		
 130:.\i2c.c       **** 	}
 131:.\i2c.c       **** 	return 1;
 195              		.loc 1 131 0 is_stmt 1
 196 0046 0120     		movs	r0, #1
 197 0048 38BD     		pop	{r3, r4, r5, pc}
 198              	.LVL33:
 199              	.L15:
 128:.\i2c.c       **** 		}		
 200              		.loc 1 128 0
 201 004a 0020     		movs	r0, #0
 202              	.LVL34:
 203 004c 38BD     		pop	{r3, r4, r5, pc}
ARM GAS  C:\Users\ASUS\AppData\Local\Temp\ccLm5lP4.s 			page 7


 204              	.LVL35:
 205              	.L16:
 112:.\i2c.c       ****             }
 206              		.loc 1 112 0
 207 004e 0020     		movs	r0, #0
 208              	.LVL36:
 209 0050 38BD     		pop	{r3, r4, r5, pc}
 210              	.LVL37:
 211              	.L17:
 122:.\i2c.c       **** 				}
 212              		.loc 1 122 0
 213 0052 0020     		movs	r0, #0
 214              	.LVL38:
 132:.\i2c.c       **** }
 215              		.loc 1 132 0
 216 0054 38BD     		pop	{r3, r4, r5, pc}
 217              	.LVL39:
 218              	.L20:
 219 0056 00BF     		.align	2
 220              	.L19:
 221 0058 00000000 		.word	fecha
 222              		.cfi_endproc
 223              	.LFE64:
 224              		.size	leer_fecha, .-leer_fecha
 225              		.section	.text.write_hora,"ax",%progbits
 226              		.align	2
 227              		.global	write_hora
 228              		.thumb
 229              		.thumb_func
 230              		.type	write_hora, %function
 231              	write_hora:
 232              	.LFB65:
 133:.\i2c.c       **** 
 134:.\i2c.c       **** /*
 135:.\i2c.c       **** ***************************************************************************************************
 136:.\i2c.c       **** *                                         uint8 write_hora( void )
 137:.\i2c.c       **** *
 138:.\i2c.c       **** * Description : 
 139:.\i2c.c       **** *               
 140:.\i2c.c       **** *
 141:.\i2c.c       **** * Argument(s) : none
 142:.\i2c.c       **** *
 143:.\i2c.c       **** * Return(s)   : none
 144:.\i2c.c       **** *
 145:.\i2c.c       **** * Caller(s)   : 
 146:.\i2c.c       **** *
 147:.\i2c.c       **** * Note(s)     : none.
 148:.\i2c.c       **** ***************************************************************************************************
 149:.\i2c.c       **** */
 150:.\i2c.c       **** 
 151:.\i2c.c       **** uint8 write_hora( void ){
 233              		.loc 1 151 0
 234              		.cfi_startproc
 235              		@ args = 0, pretend = 0, frame = 8
 236              		@ frame_needed = 0, uses_anonymous_args = 0
 237 0000 10B5     		push	{r4, lr}
 238              		.cfi_def_cfa_offset 8
ARM GAS  C:\Users\ASUS\AppData\Local\Temp\ccLm5lP4.s 			page 8


 239              		.cfi_offset 4, -8
 240              		.cfi_offset 14, -4
 241 0002 82B0     		sub	sp, sp, #8
 242              		.cfi_def_cfa_offset 16
 152:.\i2c.c       **** 	uint8 status, dato[3],i;
 153:.\i2c.c       **** 	dato[0]=1;
 243              		.loc 1 153 0
 244 0004 0123     		movs	r3, #1
 245 0006 8DF80430 		strb	r3, [sp, #4]
 154:.\i2c.c       **** 	dato[1]=hora[0];
 246              		.loc 1 154 0
 247 000a 124B     		ldr	r3, .L28
 248 000c 1A78     		ldrb	r2, [r3]	@ zero_extendqisi2
 249 000e 8DF80520 		strb	r2, [sp, #5]
 155:.\i2c.c       **** 	dato[2]=hora[1];
 250              		.loc 1 155 0
 251 0012 5B78     		ldrb	r3, [r3, #1]	@ zero_extendqisi2
 252 0014 8DF80630 		strb	r3, [sp, #6]
 156:.\i2c.c       **** 	I2C_1_MasterClearStatus();
 253              		.loc 1 156 0
 254 0018 FFF7FEFF 		bl	I2C_1_MasterClearStatus
 255              	.LVL40:
 157:.\i2c.c       ****     status = I2C_1_MasterSendStart(0x68, I2C_1_WRITE_XFER_MODE);
 256              		.loc 1 157 0
 257 001c 6820     		movs	r0, #104
 258 001e 0021     		movs	r1, #0
 259 0020 FFF7FEFF 		bl	I2C_1_MasterSendStart
 260              	.LVL41:
 158:.\i2c.c       ****     if(I2C_1_MSTR_NO_ERROR == status) 
 261              		.loc 1 158 0
 262 0024 58B1     		cbz	r0, .L25
 159:.\i2c.c       ****     {
 160:.\i2c.c       ****         for(i=0; i<3; i++)
 161:.\i2c.c       ****         {
 162:.\i2c.c       ****             status = I2C_1_MasterWriteByte(dato[i]);
 163:.\i2c.c       ****             if(status != I2C_1_MSTR_NO_ERROR)
 164:.\i2c.c       ****             {
 165:.\i2c.c       ****                 return 0;
 166:.\i2c.c       ****             }
 167:.\i2c.c       ****         }
 168:.\i2c.c       ****     }
 169:.\i2c.c       ****     else{
 170:.\i2c.c       **** 		return 0;
 263              		.loc 1 170 0
 264 0026 0020     		movs	r0, #0
 265              	.LVL42:
 266 0028 11E0     		b	.L23
 267              	.LVL43:
 268              	.L24:
 162:.\i2c.c       ****             if(status != I2C_1_MSTR_NO_ERROR)
 269              		.loc 1 162 0
 270 002a 02AB     		add	r3, sp, #8
 271 002c 2344     		add	r3, r3, r4
 272 002e 13F8040C 		ldrb	r0, [r3, #-4]	@ zero_extendqisi2
 273              	.LVL44:
 274 0032 FFF7FEFF 		bl	I2C_1_MasterWriteByte
 275              	.LVL45:
ARM GAS  C:\Users\ASUS\AppData\Local\Temp\ccLm5lP4.s 			page 9


 163:.\i2c.c       ****             {
 276              		.loc 1 163 0
 277 0036 48B9     		cbnz	r0, .L26
 160:.\i2c.c       ****         {
 278              		.loc 1 160 0 discriminator 2
 279 0038 0134     		adds	r4, r4, #1
 280              	.LVL46:
 281 003a E4B2     		uxtb	r4, r4
 282              	.LVL47:
 283 003c 00E0     		b	.L22
 284              	.LVL48:
 285              	.L25:
 286 003e 0024     		movs	r4, #0
 287              	.L22:
 288              	.LVL49:
 160:.\i2c.c       ****         {
 289              		.loc 1 160 0 is_stmt 0 discriminator 1
 290 0040 022C     		cmp	r4, #2
 291 0042 F2D9     		bls	.L24
 171:.\i2c.c       ****     }
 172:.\i2c.c       ****     I2C_1_MasterSendStop();	
 292              		.loc 1 172 0 is_stmt 1
 293 0044 FFF7FEFF 		bl	I2C_1_MasterSendStop
 294              	.LVL50:
 173:.\i2c.c       **** 	return 1;
 295              		.loc 1 173 0
 296 0048 0120     		movs	r0, #1
 297 004a 00E0     		b	.L23
 298              	.LVL51:
 299              	.L26:
 165:.\i2c.c       ****             }
 300              		.loc 1 165 0
 301 004c 0020     		movs	r0, #0
 302              	.LVL52:
 303              	.L23:
 174:.\i2c.c       **** }
 304              		.loc 1 174 0
 305 004e 02B0     		add	sp, sp, #8
 306              		.cfi_def_cfa_offset 8
 307              		@ sp needed
 308 0050 10BD     		pop	{r4, pc}
 309              	.L29:
 310 0052 00BF     		.align	2
 311              	.L28:
 312 0054 00000000 		.word	hora
 313              		.cfi_endproc
 314              	.LFE65:
 315              		.size	write_hora, .-write_hora
 316              		.section	.text.write_fecha,"ax",%progbits
 317              		.align	2
 318              		.global	write_fecha
 319              		.thumb
 320              		.thumb_func
 321              		.type	write_fecha, %function
 322              	write_fecha:
 323              	.LFB66:
 175:.\i2c.c       **** 
ARM GAS  C:\Users\ASUS\AppData\Local\Temp\ccLm5lP4.s 			page 10


 176:.\i2c.c       **** /*
 177:.\i2c.c       **** ***************************************************************************************************
 178:.\i2c.c       **** *                                         uint8 write_fecha( void )
 179:.\i2c.c       **** *
 180:.\i2c.c       **** * Description : 
 181:.\i2c.c       **** *               
 182:.\i2c.c       **** *
 183:.\i2c.c       **** * Argument(s) : none
 184:.\i2c.c       **** *
 185:.\i2c.c       **** * Return(s)   : none
 186:.\i2c.c       **** *
 187:.\i2c.c       **** * Caller(s)   : 
 188:.\i2c.c       **** *
 189:.\i2c.c       **** * Note(s)     : none.
 190:.\i2c.c       **** ***************************************************************************************************
 191:.\i2c.c       **** */
 192:.\i2c.c       **** 
 193:.\i2c.c       **** uint8 write_fecha( void ){
 324              		.loc 1 193 0
 325              		.cfi_startproc
 326              		@ args = 0, pretend = 0, frame = 8
 327              		@ frame_needed = 0, uses_anonymous_args = 0
 328 0000 10B5     		push	{r4, lr}
 329              		.cfi_def_cfa_offset 8
 330              		.cfi_offset 4, -8
 331              		.cfi_offset 14, -4
 332 0002 82B0     		sub	sp, sp, #8
 333              		.cfi_def_cfa_offset 16
 194:.\i2c.c       **** 	uint8 status, dato[4],i;
 195:.\i2c.c       **** 	dato[0]=4;
 334              		.loc 1 195 0
 335 0004 0423     		movs	r3, #4
 336 0006 8DF80430 		strb	r3, [sp, #4]
 196:.\i2c.c       **** 	dato[1]=fecha[0];
 337              		.loc 1 196 0
 338 000a 134B     		ldr	r3, .L37
 339 000c 1A78     		ldrb	r2, [r3]	@ zero_extendqisi2
 340 000e 8DF80520 		strb	r2, [sp, #5]
 197:.\i2c.c       **** 	dato[2]=fecha[1];
 341              		.loc 1 197 0
 342 0012 5A78     		ldrb	r2, [r3, #1]	@ zero_extendqisi2
 343 0014 8DF80620 		strb	r2, [sp, #6]
 198:.\i2c.c       **** 	dato[3]=fecha[2];
 344              		.loc 1 198 0
 345 0018 9B78     		ldrb	r3, [r3, #2]	@ zero_extendqisi2
 346 001a 8DF80730 		strb	r3, [sp, #7]
 199:.\i2c.c       **** 	I2C_1_MasterClearStatus();
 347              		.loc 1 199 0
 348 001e FFF7FEFF 		bl	I2C_1_MasterClearStatus
 349              	.LVL53:
 200:.\i2c.c       ****     status = I2C_1_MasterSendStart(0x68, I2C_1_WRITE_XFER_MODE);
 350              		.loc 1 200 0
 351 0022 6820     		movs	r0, #104
 352 0024 0021     		movs	r1, #0
 353 0026 FFF7FEFF 		bl	I2C_1_MasterSendStart
 354              	.LVL54:
 201:.\i2c.c       ****     if(I2C_1_MSTR_NO_ERROR == status) 
ARM GAS  C:\Users\ASUS\AppData\Local\Temp\ccLm5lP4.s 			page 11


 355              		.loc 1 201 0
 356 002a 58B1     		cbz	r0, .L34
 202:.\i2c.c       ****     {
 203:.\i2c.c       ****         for(i=0; i<4; i++)
 204:.\i2c.c       ****         {
 205:.\i2c.c       ****             status = I2C_1_MasterWriteByte(dato[i]);
 206:.\i2c.c       ****             if(status != I2C_1_MSTR_NO_ERROR)
 207:.\i2c.c       ****             {
 208:.\i2c.c       ****                 return 0;
 209:.\i2c.c       ****             }
 210:.\i2c.c       ****         }
 211:.\i2c.c       ****     }
 212:.\i2c.c       ****     else{
 213:.\i2c.c       **** 		return 0;
 357              		.loc 1 213 0
 358 002c 0020     		movs	r0, #0
 359              	.LVL55:
 360 002e 11E0     		b	.L32
 361              	.LVL56:
 362              	.L33:
 205:.\i2c.c       ****             if(status != I2C_1_MSTR_NO_ERROR)
 363              		.loc 1 205 0
 364 0030 02AB     		add	r3, sp, #8
 365 0032 2344     		add	r3, r3, r4
 366 0034 13F8040C 		ldrb	r0, [r3, #-4]	@ zero_extendqisi2
 367              	.LVL57:
 368 0038 FFF7FEFF 		bl	I2C_1_MasterWriteByte
 369              	.LVL58:
 206:.\i2c.c       ****             {
 370              		.loc 1 206 0
 371 003c 48B9     		cbnz	r0, .L35
 203:.\i2c.c       ****         {
 372              		.loc 1 203 0 discriminator 2
 373 003e 0134     		adds	r4, r4, #1
 374              	.LVL59:
 375 0040 E4B2     		uxtb	r4, r4
 376              	.LVL60:
 377 0042 00E0     		b	.L31
 378              	.LVL61:
 379              	.L34:
 380 0044 0024     		movs	r4, #0
 381              	.L31:
 382              	.LVL62:
 203:.\i2c.c       ****         {
 383              		.loc 1 203 0 is_stmt 0 discriminator 1
 384 0046 032C     		cmp	r4, #3
 385 0048 F2D9     		bls	.L33
 214:.\i2c.c       ****     }
 215:.\i2c.c       ****     I2C_1_MasterSendStop();	
 386              		.loc 1 215 0 is_stmt 1
 387 004a FFF7FEFF 		bl	I2C_1_MasterSendStop
 388              	.LVL63:
 216:.\i2c.c       **** 	return 1;
 389              		.loc 1 216 0
 390 004e 0120     		movs	r0, #1
 391 0050 00E0     		b	.L32
 392              	.LVL64:
ARM GAS  C:\Users\ASUS\AppData\Local\Temp\ccLm5lP4.s 			page 12


 393              	.L35:
 208:.\i2c.c       ****             }
 394              		.loc 1 208 0
 395 0052 0020     		movs	r0, #0
 396              	.LVL65:
 397              	.L32:
 217:.\i2c.c       **** }
 398              		.loc 1 217 0
 399 0054 02B0     		add	sp, sp, #8
 400              		.cfi_def_cfa_offset 8
 401              		@ sp needed
 402 0056 10BD     		pop	{r4, pc}
 403              	.L38:
 404              		.align	2
 405              	.L37:
 406 0058 00000000 		.word	fecha
 407              		.cfi_endproc
 408              	.LFE66:
 409              		.size	write_fecha, .-write_fecha
 410              		.comm	print2,2,4
 411              		.comm	print1,2,4
 412              		.comm	rventa2,99,4
 413              		.comm	rventa1,99,4
 414              		.comm	hora,2,4
 415              		.comm	fecha,3,4
 416              		.comm	km,2,4
 417              		.comm	id_logo,2,4
 418              		.comm	lema2,32,4
 419              		.comm	lema1,32,4
 420              		.comm	direccion,33,4
 421              		.comm	telefono,20,4
 422              		.comm	nit,15,4
 423              		.comm	nombre,33,4
 424              		.comm	lado2,92,4
 425              		.comm	lado1,92,4
 426              		.comm	version,1,1
 427              		.comm	nombre_pro3,17,4
 428              		.comm	nombre_pro2,17,4
 429              		.comm	nombre_pro1,17,4
 430              		.comm	ppux10,1,1
 431              		.text
 432              	.Letext0:
 433              		.file 2 "c:\\program files (x86)\\cypress\\psoc creator\\3.3\\psoc creator\\import\\gnu\\arm\\4.9.
 434              		.file 3 "c:\\program files (x86)\\cypress\\psoc creator\\3.3\\psoc creator\\import\\gnu\\arm\\4.9.
 435              		.file 4 "Generated_Source\\PSoC5/cytypes.h"
 436              		.file 5 ".\\VariablesG.h"
 437              		.file 6 "Generated_Source\\PSoC5/core_cm3.h"
 438              		.file 7 "Generated_Source\\PSoC5/I2C_1.h"
 439              		.file 8 "Generated_Source\\PSoC5/CyLib.h"
 440              		.section	.debug_info,"",%progbits
 441              	.Ldebug_info0:
 442 0000 91070000 		.4byte	0x791
 443 0004 0400     		.2byte	0x4
 444 0006 00000000 		.4byte	.Ldebug_abbrev0
 445 000a 04       		.byte	0x4
 446 000b 01       		.uleb128 0x1
 447 000c 00000000 		.4byte	.LASF68
ARM GAS  C:\Users\ASUS\AppData\Local\Temp\ccLm5lP4.s 			page 13


 448 0010 01       		.byte	0x1
 449 0011 F1010000 		.4byte	.LASF69
 450 0015 A2000000 		.4byte	.LASF70
 451 0019 00000000 		.4byte	.Ldebug_ranges0+0
 452 001d 00000000 		.4byte	0
 453 0021 00000000 		.4byte	.Ldebug_line0
 454 0025 02       		.uleb128 0x2
 455 0026 01       		.byte	0x1
 456 0027 06       		.byte	0x6
 457 0028 2B020000 		.4byte	.LASF0
 458 002c 02       		.uleb128 0x2
 459 002d 01       		.byte	0x1
 460 002e 08       		.byte	0x8
 461 002f 14020000 		.4byte	.LASF1
 462 0033 02       		.uleb128 0x2
 463 0034 02       		.byte	0x2
 464 0035 05       		.byte	0x5
 465 0036 23010000 		.4byte	.LASF2
 466 003a 02       		.uleb128 0x2
 467 003b 02       		.byte	0x2
 468 003c 07       		.byte	0x7
 469 003d 87020000 		.4byte	.LASF3
 470 0041 03       		.uleb128 0x3
 471 0042 41030000 		.4byte	.LASF9
 472 0046 02       		.byte	0x2
 473 0047 3F       		.byte	0x3f
 474 0048 4C000000 		.4byte	0x4c
 475 004c 02       		.uleb128 0x2
 476 004d 04       		.byte	0x4
 477 004e 05       		.byte	0x5
 478 004f F9010000 		.4byte	.LASF4
 479 0053 02       		.uleb128 0x2
 480 0054 04       		.byte	0x4
 481 0055 07       		.byte	0x7
 482 0056 FB020000 		.4byte	.LASF5
 483 005a 02       		.uleb128 0x2
 484 005b 08       		.byte	0x8
 485 005c 05       		.byte	0x5
 486 005d E3010000 		.4byte	.LASF6
 487 0061 02       		.uleb128 0x2
 488 0062 08       		.byte	0x8
 489 0063 07       		.byte	0x7
 490 0064 37020000 		.4byte	.LASF7
 491 0068 04       		.uleb128 0x4
 492 0069 04       		.byte	0x4
 493 006a 05       		.byte	0x5
 494 006b 696E7400 		.ascii	"int\000"
 495 006f 02       		.uleb128 0x2
 496 0070 04       		.byte	0x4
 497 0071 07       		.byte	0x7
 498 0072 60020000 		.4byte	.LASF8
 499 0076 03       		.uleb128 0x3
 500 0077 C4020000 		.4byte	.LASF10
 501 007b 03       		.byte	0x3
 502 007c 2C       		.byte	0x2c
 503 007d 41000000 		.4byte	0x41
 504 0081 05       		.uleb128 0x5
ARM GAS  C:\Users\ASUS\AppData\Local\Temp\ccLm5lP4.s 			page 14


 505 0082 BC010000 		.4byte	.LASF11
 506 0086 04       		.byte	0x4
 507 0087 9201     		.2byte	0x192
 508 0089 2C000000 		.4byte	0x2c
 509 008d 05       		.uleb128 0x5
 510 008e EA020000 		.4byte	.LASF12
 511 0092 04       		.byte	0x4
 512 0093 9401     		.2byte	0x194
 513 0095 53000000 		.4byte	0x53
 514 0099 02       		.uleb128 0x2
 515 009a 04       		.byte	0x4
 516 009b 04       		.byte	0x4
 517 009c DD010000 		.4byte	.LASF13
 518 00a0 02       		.uleb128 0x2
 519 00a1 08       		.byte	0x8
 520 00a2 04       		.byte	0x4
 521 00a3 80030000 		.4byte	.LASF14
 522 00a7 02       		.uleb128 0x2
 523 00a8 01       		.byte	0x1
 524 00a9 08       		.byte	0x8
 525 00aa AF020000 		.4byte	.LASF15
 526 00ae 06       		.uleb128 0x6
 527 00af 81000000 		.4byte	0x81
 528 00b3 02       		.uleb128 0x2
 529 00b4 04       		.byte	0x4
 530 00b5 07       		.byte	0x7
 531 00b6 2D010000 		.4byte	.LASF16
 532 00ba 07       		.uleb128 0x7
 533 00bb 81000000 		.4byte	0x81
 534 00bf CA000000 		.4byte	0xca
 535 00c3 08       		.uleb128 0x8
 536 00c4 B3000000 		.4byte	0xb3
 537 00c8 07       		.byte	0x7
 538 00c9 00       		.byte	0
 539 00ca 07       		.uleb128 0x7
 540 00cb 81000000 		.4byte	0x81
 541 00cf DA000000 		.4byte	0xda
 542 00d3 08       		.uleb128 0x8
 543 00d4 B3000000 		.4byte	0xb3
 544 00d8 03       		.byte	0x3
 545 00d9 00       		.byte	0
 546 00da 09       		.uleb128 0x9
 547 00db CE010000 		.4byte	.LASF20
 548 00df 5C       		.byte	0x5c
 549 00e0 05       		.byte	0x5
 550 00e1 2F       		.byte	0x2f
 551 00e2 23010000 		.4byte	0x123
 552 00e6 0A       		.uleb128 0xa
 553 00e7 64697200 		.ascii	"dir\000"
 554 00eb 05       		.byte	0x5
 555 00ec 30       		.byte	0x30
 556 00ed AE000000 		.4byte	0xae
 557 00f1 00       		.byte	0
 558 00f2 0B       		.uleb128 0xb
 559 00f3 02020000 		.4byte	.LASF17
 560 00f7 05       		.byte	0x5
 561 00f8 31       		.byte	0x31
ARM GAS  C:\Users\ASUS\AppData\Local\Temp\ccLm5lP4.s 			page 15


 562 00f9 39010000 		.4byte	0x139
 563 00fd 01       		.byte	0x1
 564 00fe 0A       		.uleb128 0xa
 565 00ff 70707500 		.ascii	"ppu\000"
 566 0103 05       		.byte	0x5
 567 0104 32       		.byte	0x32
 568 0105 54010000 		.4byte	0x154
 569 0109 49       		.byte	0x49
 570 010a 0B       		.uleb128 0xb
 571 010b 9A020000 		.4byte	.LASF18
 572 010f 05       		.byte	0x5
 573 0110 33       		.byte	0x33
 574 0111 6F010000 		.4byte	0x16f
 575 0115 58       		.byte	0x58
 576 0116 0B       		.uleb128 0xb
 577 0117 E0020000 		.4byte	.LASF19
 578 011b 05       		.byte	0x5
 579 011c 34       		.byte	0x34
 580 011d AE000000 		.4byte	0xae
 581 0121 5B       		.byte	0x5b
 582 0122 00       		.byte	0
 583 0123 07       		.uleb128 0x7
 584 0124 81000000 		.4byte	0x81
 585 0128 39010000 		.4byte	0x139
 586 012c 08       		.uleb128 0x8
 587 012d B3000000 		.4byte	0xb3
 588 0131 02       		.byte	0x2
 589 0132 08       		.uleb128 0x8
 590 0133 B3000000 		.4byte	0xb3
 591 0137 17       		.byte	0x17
 592 0138 00       		.byte	0
 593 0139 06       		.uleb128 0x6
 594 013a 23010000 		.4byte	0x123
 595 013e 07       		.uleb128 0x7
 596 013f 81000000 		.4byte	0x81
 597 0143 54010000 		.4byte	0x154
 598 0147 08       		.uleb128 0x8
 599 0148 B3000000 		.4byte	0xb3
 600 014c 02       		.byte	0x2
 601 014d 08       		.uleb128 0x8
 602 014e B3000000 		.4byte	0xb3
 603 0152 04       		.byte	0x4
 604 0153 00       		.byte	0
 605 0154 06       		.uleb128 0x6
 606 0155 3E010000 		.4byte	0x13e
 607 0159 07       		.uleb128 0x7
 608 015a 81000000 		.4byte	0x81
 609 015e 6F010000 		.4byte	0x16f
 610 0162 08       		.uleb128 0x8
 611 0163 B3000000 		.4byte	0xb3
 612 0167 02       		.byte	0x2
 613 0168 08       		.uleb128 0x8
 614 0169 B3000000 		.4byte	0xb3
 615 016d 00       		.byte	0
 616 016e 00       		.byte	0
 617 016f 06       		.uleb128 0x6
 618 0170 59010000 		.4byte	0x159
ARM GAS  C:\Users\ASUS\AppData\Local\Temp\ccLm5lP4.s 			page 16


 619 0174 09       		.uleb128 0x9
 620 0175 0D030000 		.4byte	.LASF21
 621 0179 63       		.byte	0x63
 622 017a 05       		.byte	0x5
 623 017b 45       		.byte	0x45
 624 017c 57020000 		.4byte	0x257
 625 0180 0B       		.uleb128 0xb
 626 0181 C2010000 		.4byte	.LASF22
 627 0185 05       		.byte	0x5
 628 0186 46       		.byte	0x46
 629 0187 81000000 		.4byte	0x81
 630 018b 00       		.byte	0
 631 018c 0B       		.uleb128 0xb
 632 018d 22020000 		.4byte	.LASF23
 633 0191 05       		.byte	0x5
 634 0192 47       		.byte	0x47
 635 0193 81000000 		.4byte	0x81
 636 0197 01       		.byte	0x1
 637 0198 0B       		.uleb128 0xb
 638 0199 9A020000 		.4byte	.LASF18
 639 019d 05       		.byte	0x5
 640 019e 48       		.byte	0x48
 641 019f 81000000 		.4byte	0x81
 642 01a3 02       		.byte	0x2
 643 01a4 0A       		.uleb128 0xa
 644 01a5 70707500 		.ascii	"ppu\000"
 645 01a9 05       		.byte	0x5
 646 01aa 49       		.byte	0x49
 647 01ab 57020000 		.4byte	0x257
 648 01af 03       		.byte	0x3
 649 01b0 0B       		.uleb128 0xb
 650 01b1 36010000 		.4byte	.LASF24
 651 01b5 05       		.byte	0x5
 652 01b6 4A       		.byte	0x4a
 653 01b7 67020000 		.4byte	0x267
 654 01bb 09       		.byte	0x9
 655 01bc 0B       		.uleb128 0xb
 656 01bd A7020000 		.4byte	.LASF25
 657 01c1 05       		.byte	0x5
 658 01c2 4B       		.byte	0x4b
 659 01c3 67020000 		.4byte	0x267
 660 01c7 12       		.byte	0x12
 661 01c8 0B       		.uleb128 0xb
 662 01c9 7E020000 		.4byte	.LASF26
 663 01cd 05       		.byte	0x5
 664 01ce 4C       		.byte	0x4c
 665 01cf 81000000 		.4byte	0x81
 666 01d3 1B       		.byte	0x1b
 667 01d4 0B       		.uleb128 0xb
 668 01d5 1A010000 		.4byte	.LASF27
 669 01d9 05       		.byte	0x5
 670 01da 4D       		.byte	0x4d
 671 01db 81000000 		.4byte	0x81
 672 01df 1C       		.byte	0x1c
 673 01e0 0B       		.uleb128 0xb
 674 01e1 3A030000 		.4byte	.LASF28
 675 01e5 05       		.byte	0x5
ARM GAS  C:\Users\ASUS\AppData\Local\Temp\ccLm5lP4.s 			page 17


 676 01e6 4E       		.byte	0x4e
 677 01e7 BA000000 		.4byte	0xba
 678 01eb 1D       		.byte	0x1d
 679 01ec 0A       		.uleb128 0xa
 680 01ed 696400   		.ascii	"id\000"
 681 01f0 05       		.byte	0x5
 682 01f1 4F       		.byte	0x4f
 683 01f2 77020000 		.4byte	0x277
 684 01f6 25       		.byte	0x25
 685 01f7 0A       		.uleb128 0xa
 686 01f8 6B6D00   		.ascii	"km\000"
 687 01fb 05       		.byte	0x5
 688 01fc 50       		.byte	0x50
 689 01fd 87020000 		.4byte	0x287
 690 0201 35       		.byte	0x35
 691 0202 0B       		.uleb128 0xb
 692 0203 7A030000 		.4byte	.LASF29
 693 0207 05       		.byte	0x5
 694 0208 51       		.byte	0x51
 695 0209 67020000 		.4byte	0x267
 696 020d 40       		.byte	0x40
 697 020e 0B       		.uleb128 0xb
 698 020f 97010000 		.4byte	.LASF30
 699 0213 05       		.byte	0x5
 700 0214 52       		.byte	0x52
 701 0215 81000000 		.4byte	0x81
 702 0219 49       		.byte	0x49
 703 021a 0B       		.uleb128 0xb
 704 021b 57030000 		.4byte	.LASF31
 705 021f 05       		.byte	0x5
 706 0220 53       		.byte	0x53
 707 0221 81000000 		.4byte	0x81
 708 0225 4A       		.byte	0x4a
 709 0226 0B       		.uleb128 0xb
 710 0227 52010000 		.4byte	.LASF32
 711 022b 05       		.byte	0x5
 712 022c 54       		.byte	0x54
 713 022d 87020000 		.4byte	0x287
 714 0231 4B       		.byte	0x4b
 715 0232 0B       		.uleb128 0xb
 716 0233 59010000 		.4byte	.LASF33
 717 0237 05       		.byte	0x5
 718 0238 55       		.byte	0x55
 719 0239 87020000 		.4byte	0x287
 720 023d 56       		.byte	0x56
 721 023e 0B       		.uleb128 0xb
 722 023f 62010000 		.4byte	.LASF34
 723 0243 05       		.byte	0x5
 724 0244 56       		.byte	0x56
 725 0245 81000000 		.4byte	0x81
 726 0249 61       		.byte	0x61
 727 024a 0B       		.uleb128 0xb
 728 024b 55020000 		.4byte	.LASF35
 729 024f 05       		.byte	0x5
 730 0250 57       		.byte	0x57
 731 0251 81000000 		.4byte	0x81
 732 0255 62       		.byte	0x62
ARM GAS  C:\Users\ASUS\AppData\Local\Temp\ccLm5lP4.s 			page 18


 733 0256 00       		.byte	0
 734 0257 07       		.uleb128 0x7
 735 0258 81000000 		.4byte	0x81
 736 025c 67020000 		.4byte	0x267
 737 0260 08       		.uleb128 0x8
 738 0261 B3000000 		.4byte	0xb3
 739 0265 05       		.byte	0x5
 740 0266 00       		.byte	0
 741 0267 07       		.uleb128 0x7
 742 0268 81000000 		.4byte	0x81
 743 026c 77020000 		.4byte	0x277
 744 0270 08       		.uleb128 0x8
 745 0271 B3000000 		.4byte	0xb3
 746 0275 08       		.byte	0x8
 747 0276 00       		.byte	0
 748 0277 07       		.uleb128 0x7
 749 0278 81000000 		.4byte	0x81
 750 027c 87020000 		.4byte	0x287
 751 0280 08       		.uleb128 0x8
 752 0281 B3000000 		.4byte	0xb3
 753 0285 0F       		.byte	0xf
 754 0286 00       		.byte	0
 755 0287 07       		.uleb128 0x7
 756 0288 81000000 		.4byte	0x81
 757 028c 97020000 		.4byte	0x297
 758 0290 08       		.uleb128 0x8
 759 0291 B3000000 		.4byte	0xb3
 760 0295 0A       		.byte	0xa
 761 0296 00       		.byte	0
 762 0297 0C       		.uleb128 0xc
 763 0298 0A020000 		.4byte	.LASF37
 764 029c 01       		.byte	0x1
 765 029d 36       		.byte	0x36
 766 029e 81000000 		.4byte	0x81
 767 02a2 00000000 		.4byte	.LFB63
 768 02a6 5C000000 		.4byte	.LFE63-.LFB63
 769 02aa 01       		.uleb128 0x1
 770 02ab 9C       		.byte	0x9c
 771 02ac 4A030000 		.4byte	0x34a
 772 02b0 0D       		.uleb128 0xd
 773 02b1 A0020000 		.4byte	.LASF36
 774 02b5 01       		.byte	0x1
 775 02b6 37       		.byte	0x37
 776 02b7 81000000 		.4byte	0x81
 777 02bb 00000000 		.4byte	.LLST0
 778 02bf 0E       		.uleb128 0xe
 779 02c0 6900     		.ascii	"i\000"
 780 02c2 01       		.byte	0x1
 781 02c3 37       		.byte	0x37
 782 02c4 81000000 		.4byte	0x81
 783 02c8 4A000000 		.4byte	.LLST1
 784 02cc 0F       		.uleb128 0xf
 785 02cd 0A000000 		.4byte	.LVL2
 786 02d1 2D070000 		.4byte	0x72d
 787 02d5 10       		.uleb128 0x10
 788 02d6 12000000 		.4byte	.LVL3
 789 02da 38070000 		.4byte	0x738
ARM GAS  C:\Users\ASUS\AppData\Local\Temp\ccLm5lP4.s 			page 19


 790 02de EE020000 		.4byte	0x2ee
 791 02e2 11       		.uleb128 0x11
 792 02e3 01       		.uleb128 0x1
 793 02e4 51       		.byte	0x51
 794 02e5 01       		.uleb128 0x1
 795 02e6 30       		.byte	0x30
 796 02e7 11       		.uleb128 0x11
 797 02e8 01       		.uleb128 0x1
 798 02e9 50       		.byte	0x50
 799 02ea 02       		.uleb128 0x2
 800 02eb 08       		.byte	0x8
 801 02ec 68       		.byte	0x68
 802 02ed 00       		.byte	0
 803 02ee 10       		.uleb128 0x10
 804 02ef 1A000000 		.4byte	.LVL5
 805 02f3 52070000 		.4byte	0x752
 806 02f7 02030000 		.4byte	0x302
 807 02fb 11       		.uleb128 0x11
 808 02fc 01       		.uleb128 0x1
 809 02fd 50       		.byte	0x50
 810 02fe 02       		.uleb128 0x2
 811 02ff 74       		.byte	0x74
 812 0300 00       		.sleb128 0
 813 0301 00       		.byte	0
 814 0302 0F       		.uleb128 0xf
 815 0303 20000000 		.4byte	.LVL6
 816 0307 67070000 		.4byte	0x767
 817 030b 10       		.uleb128 0x10
 818 030c 26000000 		.4byte	.LVL7
 819 0310 72070000 		.4byte	0x772
 820 0314 1E030000 		.4byte	0x31e
 821 0318 11       		.uleb128 0x11
 822 0319 01       		.uleb128 0x1
 823 031a 50       		.byte	0x50
 824 031b 01       		.uleb128 0x1
 825 031c 3A       		.byte	0x3a
 826 031d 00       		.byte	0
 827 031e 10       		.uleb128 0x10
 828 031f 2E000000 		.4byte	.LVL8
 829 0323 38070000 		.4byte	0x738
 830 0327 37030000 		.4byte	0x337
 831 032b 11       		.uleb128 0x11
 832 032c 01       		.uleb128 0x1
 833 032d 51       		.byte	0x51
 834 032e 01       		.uleb128 0x1
 835 032f 31       		.byte	0x31
 836 0330 11       		.uleb128 0x11
 837 0331 01       		.uleb128 0x1
 838 0332 50       		.byte	0x50
 839 0333 02       		.uleb128 0x2
 840 0334 08       		.byte	0x8
 841 0335 68       		.byte	0x68
 842 0336 00       		.byte	0
 843 0337 0F       		.uleb128 0xf
 844 0338 36000000 		.4byte	.LVL9
 845 033c 83070000 		.4byte	0x783
 846 0340 0F       		.uleb128 0xf
ARM GAS  C:\Users\ASUS\AppData\Local\Temp\ccLm5lP4.s 			page 20


 847 0341 3E000000 		.4byte	.LVL10
 848 0345 67070000 		.4byte	0x767
 849 0349 00       		.byte	0
 850 034a 0C       		.uleb128 0xc
 851 034b 19030000 		.4byte	.LASF38
 852 034f 01       		.byte	0x1
 853 0350 66       		.byte	0x66
 854 0351 81000000 		.4byte	0x81
 855 0355 00000000 		.4byte	.LFB64
 856 0359 5C000000 		.4byte	.LFE64-.LFB64
 857 035d 01       		.uleb128 0x1
 858 035e 9C       		.byte	0x9c
 859 035f FD030000 		.4byte	0x3fd
 860 0363 0D       		.uleb128 0xd
 861 0364 A0020000 		.4byte	.LASF36
 862 0368 01       		.byte	0x1
 863 0369 67       		.byte	0x67
 864 036a 81000000 		.4byte	0x81
 865 036e 74000000 		.4byte	.LLST2
 866 0372 0E       		.uleb128 0xe
 867 0373 6900     		.ascii	"i\000"
 868 0375 01       		.byte	0x1
 869 0376 67       		.byte	0x67
 870 0377 81000000 		.4byte	0x81
 871 037b BE000000 		.4byte	.LLST3
 872 037f 0F       		.uleb128 0xf
 873 0380 0A000000 		.4byte	.LVL22
 874 0384 2D070000 		.4byte	0x72d
 875 0388 10       		.uleb128 0x10
 876 0389 12000000 		.4byte	.LVL23
 877 038d 38070000 		.4byte	0x738
 878 0391 A1030000 		.4byte	0x3a1
 879 0395 11       		.uleb128 0x11
 880 0396 01       		.uleb128 0x1
 881 0397 51       		.byte	0x51
 882 0398 01       		.uleb128 0x1
 883 0399 30       		.byte	0x30
 884 039a 11       		.uleb128 0x11
 885 039b 01       		.uleb128 0x1
 886 039c 50       		.byte	0x50
 887 039d 02       		.uleb128 0x2
 888 039e 08       		.byte	0x8
 889 039f 68       		.byte	0x68
 890 03a0 00       		.byte	0
 891 03a1 10       		.uleb128 0x10
 892 03a2 1A000000 		.4byte	.LVL25
 893 03a6 52070000 		.4byte	0x752
 894 03aa B5030000 		.4byte	0x3b5
 895 03ae 11       		.uleb128 0x11
 896 03af 01       		.uleb128 0x1
 897 03b0 50       		.byte	0x50
 898 03b1 02       		.uleb128 0x2
 899 03b2 74       		.byte	0x74
 900 03b3 00       		.sleb128 0
 901 03b4 00       		.byte	0
 902 03b5 0F       		.uleb128 0xf
 903 03b6 20000000 		.4byte	.LVL26
ARM GAS  C:\Users\ASUS\AppData\Local\Temp\ccLm5lP4.s 			page 21


 904 03ba 67070000 		.4byte	0x767
 905 03be 10       		.uleb128 0x10
 906 03bf 26000000 		.4byte	.LVL27
 907 03c3 72070000 		.4byte	0x772
 908 03c7 D1030000 		.4byte	0x3d1
 909 03cb 11       		.uleb128 0x11
 910 03cc 01       		.uleb128 0x1
 911 03cd 50       		.byte	0x50
 912 03ce 01       		.uleb128 0x1
 913 03cf 3A       		.byte	0x3a
 914 03d0 00       		.byte	0
 915 03d1 10       		.uleb128 0x10
 916 03d2 2E000000 		.4byte	.LVL28
 917 03d6 38070000 		.4byte	0x738
 918 03da EA030000 		.4byte	0x3ea
 919 03de 11       		.uleb128 0x11
 920 03df 01       		.uleb128 0x1
 921 03e0 51       		.byte	0x51
 922 03e1 01       		.uleb128 0x1
 923 03e2 31       		.byte	0x31
 924 03e3 11       		.uleb128 0x11
 925 03e4 01       		.uleb128 0x1
 926 03e5 50       		.byte	0x50
 927 03e6 02       		.uleb128 0x2
 928 03e7 08       		.byte	0x8
 929 03e8 68       		.byte	0x68
 930 03e9 00       		.byte	0
 931 03ea 0F       		.uleb128 0xf
 932 03eb 36000000 		.4byte	.LVL29
 933 03ef 83070000 		.4byte	0x783
 934 03f3 0F       		.uleb128 0xf
 935 03f4 3E000000 		.4byte	.LVL30
 936 03f8 67070000 		.4byte	0x767
 937 03fc 00       		.byte	0
 938 03fd 12       		.uleb128 0x12
 939 03fe 8C010000 		.4byte	.LASF40
 940 0402 01       		.byte	0x1
 941 0403 97       		.byte	0x97
 942 0404 81000000 		.4byte	0x81
 943 0408 00000000 		.4byte	.LFB65
 944 040c 58000000 		.4byte	.LFE65-.LFB65
 945 0410 01       		.uleb128 0x1
 946 0411 9C       		.byte	0x9c
 947 0412 87040000 		.4byte	0x487
 948 0416 0D       		.uleb128 0xd
 949 0417 A0020000 		.4byte	.LASF36
 950 041b 01       		.byte	0x1
 951 041c 98       		.byte	0x98
 952 041d 81000000 		.4byte	0x81
 953 0421 E8000000 		.4byte	.LLST4
 954 0425 13       		.uleb128 0x13
 955 0426 14030000 		.4byte	.LASF39
 956 042a 01       		.byte	0x1
 957 042b 98       		.byte	0x98
 958 042c 87040000 		.4byte	0x487
 959 0430 02       		.uleb128 0x2
 960 0431 91       		.byte	0x91
ARM GAS  C:\Users\ASUS\AppData\Local\Temp\ccLm5lP4.s 			page 22


 961 0432 74       		.sleb128 -12
 962 0433 0E       		.uleb128 0xe
 963 0434 6900     		.ascii	"i\000"
 964 0436 01       		.byte	0x1
 965 0437 98       		.byte	0x98
 966 0438 81000000 		.4byte	0x81
 967 043c 1C010000 		.4byte	.LLST5
 968 0440 0F       		.uleb128 0xf
 969 0441 1C000000 		.4byte	.LVL40
 970 0445 2D070000 		.4byte	0x72d
 971 0449 10       		.uleb128 0x10
 972 044a 24000000 		.4byte	.LVL41
 973 044e 38070000 		.4byte	0x738
 974 0452 62040000 		.4byte	0x462
 975 0456 11       		.uleb128 0x11
 976 0457 01       		.uleb128 0x1
 977 0458 51       		.byte	0x51
 978 0459 01       		.uleb128 0x1
 979 045a 30       		.byte	0x30
 980 045b 11       		.uleb128 0x11
 981 045c 01       		.uleb128 0x1
 982 045d 50       		.byte	0x50
 983 045e 02       		.uleb128 0x2
 984 045f 08       		.byte	0x8
 985 0460 68       		.byte	0x68
 986 0461 00       		.byte	0
 987 0462 10       		.uleb128 0x10
 988 0463 36000000 		.4byte	.LVL45
 989 0467 52070000 		.4byte	0x752
 990 046b 7D040000 		.4byte	0x47d
 991 046f 11       		.uleb128 0x11
 992 0470 01       		.uleb128 0x1
 993 0471 50       		.byte	0x50
 994 0472 09       		.uleb128 0x9
 995 0473 91       		.byte	0x91
 996 0474 00       		.sleb128 0
 997 0475 74       		.byte	0x74
 998 0476 00       		.sleb128 0
 999 0477 22       		.byte	0x22
 1000 0478 3C       		.byte	0x3c
 1001 0479 1C       		.byte	0x1c
 1002 047a 94       		.byte	0x94
 1003 047b 01       		.byte	0x1
 1004 047c 00       		.byte	0
 1005 047d 0F       		.uleb128 0xf
 1006 047e 48000000 		.4byte	.LVL50
 1007 0482 67070000 		.4byte	0x767
 1008 0486 00       		.byte	0
 1009 0487 07       		.uleb128 0x7
 1010 0488 81000000 		.4byte	0x81
 1011 048c 97040000 		.4byte	0x497
 1012 0490 08       		.uleb128 0x8
 1013 0491 B3000000 		.4byte	0xb3
 1014 0495 02       		.byte	0x2
 1015 0496 00       		.byte	0
 1016 0497 12       		.uleb128 0x12
 1017 0498 6E030000 		.4byte	.LASF41
ARM GAS  C:\Users\ASUS\AppData\Local\Temp\ccLm5lP4.s 			page 23


 1018 049c 01       		.byte	0x1
 1019 049d C1       		.byte	0xc1
 1020 049e 81000000 		.4byte	0x81
 1021 04a2 00000000 		.4byte	.LFB66
 1022 04a6 5C000000 		.4byte	.LFE66-.LFB66
 1023 04aa 01       		.uleb128 0x1
 1024 04ab 9C       		.byte	0x9c
 1025 04ac 21050000 		.4byte	0x521
 1026 04b0 0D       		.uleb128 0xd
 1027 04b1 A0020000 		.4byte	.LASF36
 1028 04b5 01       		.byte	0x1
 1029 04b6 C2       		.byte	0xc2
 1030 04b7 81000000 		.4byte	0x81
 1031 04bb 45010000 		.4byte	.LLST6
 1032 04bf 13       		.uleb128 0x13
 1033 04c0 14030000 		.4byte	.LASF39
 1034 04c4 01       		.byte	0x1
 1035 04c5 C2       		.byte	0xc2
 1036 04c6 CA000000 		.4byte	0xca
 1037 04ca 02       		.uleb128 0x2
 1038 04cb 91       		.byte	0x91
 1039 04cc 74       		.sleb128 -12
 1040 04cd 0E       		.uleb128 0xe
 1041 04ce 6900     		.ascii	"i\000"
 1042 04d0 01       		.byte	0x1
 1043 04d1 C2       		.byte	0xc2
 1044 04d2 81000000 		.4byte	0x81
 1045 04d6 79010000 		.4byte	.LLST7
 1046 04da 0F       		.uleb128 0xf
 1047 04db 22000000 		.4byte	.LVL53
 1048 04df 2D070000 		.4byte	0x72d
 1049 04e3 10       		.uleb128 0x10
 1050 04e4 2A000000 		.4byte	.LVL54
 1051 04e8 38070000 		.4byte	0x738
 1052 04ec FC040000 		.4byte	0x4fc
 1053 04f0 11       		.uleb128 0x11
 1054 04f1 01       		.uleb128 0x1
 1055 04f2 51       		.byte	0x51
 1056 04f3 01       		.uleb128 0x1
 1057 04f4 30       		.byte	0x30
 1058 04f5 11       		.uleb128 0x11
 1059 04f6 01       		.uleb128 0x1
 1060 04f7 50       		.byte	0x50
 1061 04f8 02       		.uleb128 0x2
 1062 04f9 08       		.byte	0x8
 1063 04fa 68       		.byte	0x68
 1064 04fb 00       		.byte	0
 1065 04fc 10       		.uleb128 0x10
 1066 04fd 3C000000 		.4byte	.LVL58
 1067 0501 52070000 		.4byte	0x752
 1068 0505 17050000 		.4byte	0x517
 1069 0509 11       		.uleb128 0x11
 1070 050a 01       		.uleb128 0x1
 1071 050b 50       		.byte	0x50
 1072 050c 09       		.uleb128 0x9
 1073 050d 91       		.byte	0x91
 1074 050e 00       		.sleb128 0
ARM GAS  C:\Users\ASUS\AppData\Local\Temp\ccLm5lP4.s 			page 24


 1075 050f 74       		.byte	0x74
 1076 0510 00       		.sleb128 0
 1077 0511 22       		.byte	0x22
 1078 0512 3C       		.byte	0x3c
 1079 0513 1C       		.byte	0x1c
 1080 0514 94       		.byte	0x94
 1081 0515 01       		.byte	0x1
 1082 0516 00       		.byte	0
 1083 0517 0F       		.uleb128 0xf
 1084 0518 4E000000 		.4byte	.LVL63
 1085 051c 67070000 		.4byte	0x767
 1086 0520 00       		.byte	0
 1087 0521 14       		.uleb128 0x14
 1088 0522 90030000 		.4byte	.LASF42
 1089 0526 06       		.byte	0x6
 1090 0527 9606     		.2byte	0x696
 1091 0529 2D050000 		.4byte	0x52d
 1092 052d 06       		.uleb128 0x6
 1093 052e 76000000 		.4byte	0x76
 1094 0532 15       		.uleb128 0x15
 1095 0533 4E020000 		.4byte	.LASF43
 1096 0537 05       		.byte	0x5
 1097 0538 2B       		.byte	0x2b
 1098 0539 AE000000 		.4byte	0xae
 1099 053d 05       		.uleb128 0x5
 1100 053e 03       		.byte	0x3
 1101 053f 00000000 		.4byte	ppux10
 1102 0543 07       		.uleb128 0x7
 1103 0544 81000000 		.4byte	0x81
 1104 0548 53050000 		.4byte	0x553
 1105 054c 08       		.uleb128 0x8
 1106 054d B3000000 		.4byte	0xb3
 1107 0551 10       		.byte	0x10
 1108 0552 00       		.byte	0
 1109 0553 15       		.uleb128 0x15
 1110 0554 4B030000 		.4byte	.LASF44
 1111 0558 05       		.byte	0x5
 1112 0559 2C       		.byte	0x2c
 1113 055a 64050000 		.4byte	0x564
 1114 055e 05       		.uleb128 0x5
 1115 055f 03       		.byte	0x3
 1116 0560 00000000 		.4byte	nombre_pro1
 1117 0564 06       		.uleb128 0x6
 1118 0565 43050000 		.4byte	0x543
 1119 0569 15       		.uleb128 0x15
 1120 056a 8E000000 		.4byte	.LASF45
 1121 056e 05       		.byte	0x5
 1122 056f 2C       		.byte	0x2c
 1123 0570 7A050000 		.4byte	0x57a
 1124 0574 05       		.uleb128 0x5
 1125 0575 03       		.byte	0x3
 1126 0576 00000000 		.4byte	nombre_pro2
 1127 057a 06       		.uleb128 0x6
 1128 057b 43050000 		.4byte	0x543
 1129 057f 15       		.uleb128 0x15
 1130 0580 62030000 		.4byte	.LASF46
 1131 0584 05       		.byte	0x5
ARM GAS  C:\Users\ASUS\AppData\Local\Temp\ccLm5lP4.s 			page 25


 1132 0585 2C       		.byte	0x2c
 1133 0586 90050000 		.4byte	0x590
 1134 058a 05       		.uleb128 0x5
 1135 058b 03       		.byte	0x3
 1136 058c 00000000 		.4byte	nombre_pro3
 1137 0590 06       		.uleb128 0x6
 1138 0591 43050000 		.4byte	0x543
 1139 0595 15       		.uleb128 0x15
 1140 0596 9A000000 		.4byte	.LASF47
 1141 059a 05       		.byte	0x5
 1142 059b 2D       		.byte	0x2d
 1143 059c AE000000 		.4byte	0xae
 1144 05a0 05       		.uleb128 0x5
 1145 05a1 03       		.byte	0x3
 1146 05a2 00000000 		.4byte	version
 1147 05a6 15       		.uleb128 0x15
 1148 05a7 D7010000 		.4byte	.LASF48
 1149 05ab 05       		.byte	0x5
 1150 05ac 36       		.byte	0x36
 1151 05ad DA000000 		.4byte	0xda
 1152 05b1 05       		.uleb128 0x5
 1153 05b2 03       		.byte	0x3
 1154 05b3 00000000 		.4byte	lado1
 1155 05b7 15       		.uleb128 0x15
 1156 05b8 D2020000 		.4byte	.LASF49
 1157 05bc 05       		.byte	0x5
 1158 05bd 37       		.byte	0x37
 1159 05be DA000000 		.4byte	0xda
 1160 05c2 05       		.uleb128 0x5
 1161 05c3 03       		.byte	0x3
 1162 05c4 00000000 		.4byte	lado2
 1163 05c8 07       		.uleb128 0x7
 1164 05c9 81000000 		.4byte	0x81
 1165 05cd D8050000 		.4byte	0x5d8
 1166 05d1 08       		.uleb128 0x8
 1167 05d2 B3000000 		.4byte	0xb3
 1168 05d6 20       		.byte	0x20
 1169 05d7 00       		.byte	0
 1170 05d8 15       		.uleb128 0x15
 1171 05d9 B5010000 		.4byte	.LASF50
 1172 05dd 05       		.byte	0x5
 1173 05de 3B       		.byte	0x3b
 1174 05df E9050000 		.4byte	0x5e9
 1175 05e3 05       		.uleb128 0x5
 1176 05e4 03       		.byte	0x3
 1177 05e5 00000000 		.4byte	nombre
 1178 05e9 06       		.uleb128 0x6
 1179 05ea C8050000 		.4byte	0x5c8
 1180 05ee 07       		.uleb128 0x7
 1181 05ef 81000000 		.4byte	0x81
 1182 05f3 FE050000 		.4byte	0x5fe
 1183 05f7 08       		.uleb128 0x8
 1184 05f8 B3000000 		.4byte	0xb3
 1185 05fc 0E       		.byte	0xe
 1186 05fd 00       		.byte	0
 1187 05fe 16       		.uleb128 0x16
 1188 05ff 6E697400 		.ascii	"nit\000"
ARM GAS  C:\Users\ASUS\AppData\Local\Temp\ccLm5lP4.s 			page 26


 1189 0603 05       		.byte	0x5
 1190 0604 3C       		.byte	0x3c
 1191 0605 0F060000 		.4byte	0x60f
 1192 0609 05       		.uleb128 0x5
 1193 060a 03       		.byte	0x3
 1194 060b 00000000 		.4byte	nit
 1195 060f 06       		.uleb128 0x6
 1196 0610 EE050000 		.4byte	0x5ee
 1197 0614 07       		.uleb128 0x7
 1198 0615 81000000 		.4byte	0x81
 1199 0619 24060000 		.4byte	0x624
 1200 061d 08       		.uleb128 0x8
 1201 061e B3000000 		.4byte	0xb3
 1202 0622 13       		.byte	0x13
 1203 0623 00       		.byte	0
 1204 0624 15       		.uleb128 0x15
 1205 0625 87030000 		.4byte	.LASF51
 1206 0629 05       		.byte	0x5
 1207 062a 3D       		.byte	0x3d
 1208 062b 35060000 		.4byte	0x635
 1209 062f 05       		.uleb128 0x5
 1210 0630 03       		.byte	0x3
 1211 0631 00000000 		.4byte	telefono
 1212 0635 06       		.uleb128 0x6
 1213 0636 14060000 		.4byte	0x614
 1214 063a 15       		.uleb128 0x15
 1215 063b F1020000 		.4byte	.LASF52
 1216 063f 05       		.byte	0x5
 1217 0640 3E       		.byte	0x3e
 1218 0641 4B060000 		.4byte	0x64b
 1219 0645 05       		.uleb128 0x5
 1220 0646 03       		.byte	0x3
 1221 0647 00000000 		.4byte	direccion
 1222 064b 06       		.uleb128 0x6
 1223 064c C8050000 		.4byte	0x5c8
 1224 0650 07       		.uleb128 0x7
 1225 0651 81000000 		.4byte	0x81
 1226 0655 60060000 		.4byte	0x660
 1227 0659 08       		.uleb128 0x8
 1228 065a B3000000 		.4byte	0xb3
 1229 065e 1F       		.byte	0x1f
 1230 065f 00       		.byte	0
 1231 0660 15       		.uleb128 0x15
 1232 0661 6D020000 		.4byte	.LASF53
 1233 0665 05       		.byte	0x5
 1234 0666 3F       		.byte	0x3f
 1235 0667 71060000 		.4byte	0x671
 1236 066b 05       		.uleb128 0x5
 1237 066c 03       		.byte	0x3
 1238 066d 00000000 		.4byte	lema1
 1239 0671 06       		.uleb128 0x6
 1240 0672 50060000 		.4byte	0x650
 1241 0676 15       		.uleb128 0x15
 1242 0677 73020000 		.4byte	.LASF54
 1243 067b 05       		.byte	0x5
 1244 067c 40       		.byte	0x40
 1245 067d 87060000 		.4byte	0x687
ARM GAS  C:\Users\ASUS\AppData\Local\Temp\ccLm5lP4.s 			page 27


 1246 0681 05       		.uleb128 0x5
 1247 0682 03       		.byte	0x3
 1248 0683 00000000 		.4byte	lema2
 1249 0687 06       		.uleb128 0x6
 1250 0688 50060000 		.4byte	0x650
 1251 068c 07       		.uleb128 0x7
 1252 068d 81000000 		.4byte	0x81
 1253 0691 9C060000 		.4byte	0x69c
 1254 0695 08       		.uleb128 0x8
 1255 0696 B3000000 		.4byte	0xb3
 1256 069a 01       		.byte	0x1
 1257 069b 00       		.byte	0
 1258 069c 15       		.uleb128 0x15
 1259 069d D8020000 		.4byte	.LASF55
 1260 06a1 05       		.byte	0x5
 1261 06a2 41       		.byte	0x41
 1262 06a3 AD060000 		.4byte	0x6ad
 1263 06a7 05       		.uleb128 0x5
 1264 06a8 03       		.byte	0x3
 1265 06a9 00000000 		.4byte	id_logo
 1266 06ad 06       		.uleb128 0x6
 1267 06ae 8C060000 		.4byte	0x68c
 1268 06b2 16       		.uleb128 0x16
 1269 06b3 6B6D00   		.ascii	"km\000"
 1270 06b6 05       		.byte	0x5
 1271 06b7 42       		.byte	0x42
 1272 06b8 C2060000 		.4byte	0x6c2
 1273 06bc 05       		.uleb128 0x5
 1274 06bd 03       		.byte	0x3
 1275 06be 00000000 		.4byte	km
 1276 06c2 06       		.uleb128 0x6
 1277 06c3 8C060000 		.4byte	0x68c
 1278 06c7 15       		.uleb128 0x15
 1279 06c8 CC020000 		.4byte	.LASF56
 1280 06cc 05       		.byte	0x5
 1281 06cd 43       		.byte	0x43
 1282 06ce 87040000 		.4byte	0x487
 1283 06d2 05       		.uleb128 0x5
 1284 06d3 03       		.byte	0x3
 1285 06d4 00000000 		.4byte	fecha
 1286 06d8 15       		.uleb128 0x15
 1287 06d9 79020000 		.4byte	.LASF57
 1288 06dd 05       		.byte	0x5
 1289 06de 44       		.byte	0x44
 1290 06df 8C060000 		.4byte	0x68c
 1291 06e3 05       		.uleb128 0x5
 1292 06e4 03       		.byte	0x3
 1293 06e5 00000000 		.4byte	hora
 1294 06e9 15       		.uleb128 0x15
 1295 06ea B4020000 		.4byte	.LASF58
 1296 06ee 05       		.byte	0x5
 1297 06ef 59       		.byte	0x59
 1298 06f0 74010000 		.4byte	0x174
 1299 06f4 05       		.uleb128 0x5
 1300 06f5 03       		.byte	0x3
 1301 06f6 00000000 		.4byte	rventa1
 1302 06fa 15       		.uleb128 0x15
ARM GAS  C:\Users\ASUS\AppData\Local\Temp\ccLm5lP4.s 			page 28


 1303 06fb BC020000 		.4byte	.LASF59
 1304 06ff 05       		.byte	0x5
 1305 0700 5A       		.byte	0x5a
 1306 0701 74010000 		.4byte	0x174
 1307 0705 05       		.uleb128 0x5
 1308 0706 03       		.byte	0x3
 1309 0707 00000000 		.4byte	rventa2
 1310 070b 15       		.uleb128 0x15
 1311 070c 68010000 		.4byte	.LASF60
 1312 0710 05       		.byte	0x5
 1313 0711 5F       		.byte	0x5f
 1314 0712 8C060000 		.4byte	0x68c
 1315 0716 05       		.uleb128 0x5
 1316 0717 03       		.byte	0x3
 1317 0718 00000000 		.4byte	print1
 1318 071c 15       		.uleb128 0x15
 1319 071d 6F010000 		.4byte	.LASF61
 1320 0721 05       		.byte	0x5
 1321 0722 60       		.byte	0x60
 1322 0723 8C060000 		.4byte	0x68c
 1323 0727 05       		.uleb128 0x5
 1324 0728 03       		.byte	0x3
 1325 0729 00000000 		.4byte	print2
 1326 072d 17       		.uleb128 0x17
 1327 072e A5030000 		.4byte	.LASF64
 1328 0732 07       		.byte	0x7
 1329 0733 A4       		.byte	0xa4
 1330 0734 81000000 		.4byte	0x81
 1331 0738 18       		.uleb128 0x18
 1332 0739 24030000 		.4byte	.LASF62
 1333 073d 07       		.byte	0x7
 1334 073e B1       		.byte	0xb1
 1335 073f 81000000 		.4byte	0x81
 1336 0743 52070000 		.4byte	0x752
 1337 0747 19       		.uleb128 0x19
 1338 0748 81000000 		.4byte	0x81
 1339 074c 19       		.uleb128 0x19
 1340 074d 81000000 		.4byte	0x81
 1341 0751 00       		.byte	0
 1342 0752 18       		.uleb128 0x18
 1343 0753 76010000 		.4byte	.LASF63
 1344 0757 07       		.byte	0x7
 1345 0758 B6       		.byte	0xb6
 1346 0759 81000000 		.4byte	0x81
 1347 075d 67070000 		.4byte	0x767
 1348 0761 19       		.uleb128 0x19
 1349 0762 81000000 		.4byte	0x81
 1350 0766 00       		.byte	0
 1351 0767 17       		.uleb128 0x17
 1352 0768 3D010000 		.4byte	.LASF65
 1353 076c 07       		.byte	0x7
 1354 076d B5       		.byte	0xb5
 1355 076e 81000000 		.4byte	0x81
 1356 0772 1A       		.uleb128 0x1a
 1357 0773 9D030000 		.4byte	.LASF66
 1358 0777 08       		.byte	0x8
 1359 0778 76       		.byte	0x76
ARM GAS  C:\Users\ASUS\AppData\Local\Temp\ccLm5lP4.s 			page 29


 1360 0779 83070000 		.4byte	0x783
 1361 077d 19       		.uleb128 0x19
 1362 077e 8D000000 		.4byte	0x8d
 1363 0782 00       		.byte	0
 1364 0783 1B       		.uleb128 0x1b
 1365 0784 A0010000 		.4byte	.LASF67
 1366 0788 07       		.byte	0x7
 1367 0789 B7       		.byte	0xb7
 1368 078a 81000000 		.4byte	0x81
 1369 078e 19       		.uleb128 0x19
 1370 078f 81000000 		.4byte	0x81
 1371 0793 00       		.byte	0
 1372 0794 00       		.byte	0
 1373              		.section	.debug_abbrev,"",%progbits
 1374              	.Ldebug_abbrev0:
 1375 0000 01       		.uleb128 0x1
 1376 0001 11       		.uleb128 0x11
 1377 0002 01       		.byte	0x1
 1378 0003 25       		.uleb128 0x25
 1379 0004 0E       		.uleb128 0xe
 1380 0005 13       		.uleb128 0x13
 1381 0006 0B       		.uleb128 0xb
 1382 0007 03       		.uleb128 0x3
 1383 0008 0E       		.uleb128 0xe
 1384 0009 1B       		.uleb128 0x1b
 1385 000a 0E       		.uleb128 0xe
 1386 000b 55       		.uleb128 0x55
 1387 000c 17       		.uleb128 0x17
 1388 000d 11       		.uleb128 0x11
 1389 000e 01       		.uleb128 0x1
 1390 000f 10       		.uleb128 0x10
 1391 0010 17       		.uleb128 0x17
 1392 0011 00       		.byte	0
 1393 0012 00       		.byte	0
 1394 0013 02       		.uleb128 0x2
 1395 0014 24       		.uleb128 0x24
 1396 0015 00       		.byte	0
 1397 0016 0B       		.uleb128 0xb
 1398 0017 0B       		.uleb128 0xb
 1399 0018 3E       		.uleb128 0x3e
 1400 0019 0B       		.uleb128 0xb
 1401 001a 03       		.uleb128 0x3
 1402 001b 0E       		.uleb128 0xe
 1403 001c 00       		.byte	0
 1404 001d 00       		.byte	0
 1405 001e 03       		.uleb128 0x3
 1406 001f 16       		.uleb128 0x16
 1407 0020 00       		.byte	0
 1408 0021 03       		.uleb128 0x3
 1409 0022 0E       		.uleb128 0xe
 1410 0023 3A       		.uleb128 0x3a
 1411 0024 0B       		.uleb128 0xb
 1412 0025 3B       		.uleb128 0x3b
 1413 0026 0B       		.uleb128 0xb
 1414 0027 49       		.uleb128 0x49
 1415 0028 13       		.uleb128 0x13
 1416 0029 00       		.byte	0
ARM GAS  C:\Users\ASUS\AppData\Local\Temp\ccLm5lP4.s 			page 30


 1417 002a 00       		.byte	0
 1418 002b 04       		.uleb128 0x4
 1419 002c 24       		.uleb128 0x24
 1420 002d 00       		.byte	0
 1421 002e 0B       		.uleb128 0xb
 1422 002f 0B       		.uleb128 0xb
 1423 0030 3E       		.uleb128 0x3e
 1424 0031 0B       		.uleb128 0xb
 1425 0032 03       		.uleb128 0x3
 1426 0033 08       		.uleb128 0x8
 1427 0034 00       		.byte	0
 1428 0035 00       		.byte	0
 1429 0036 05       		.uleb128 0x5
 1430 0037 16       		.uleb128 0x16
 1431 0038 00       		.byte	0
 1432 0039 03       		.uleb128 0x3
 1433 003a 0E       		.uleb128 0xe
 1434 003b 3A       		.uleb128 0x3a
 1435 003c 0B       		.uleb128 0xb
 1436 003d 3B       		.uleb128 0x3b
 1437 003e 05       		.uleb128 0x5
 1438 003f 49       		.uleb128 0x49
 1439 0040 13       		.uleb128 0x13
 1440 0041 00       		.byte	0
 1441 0042 00       		.byte	0
 1442 0043 06       		.uleb128 0x6
 1443 0044 35       		.uleb128 0x35
 1444 0045 00       		.byte	0
 1445 0046 49       		.uleb128 0x49
 1446 0047 13       		.uleb128 0x13
 1447 0048 00       		.byte	0
 1448 0049 00       		.byte	0
 1449 004a 07       		.uleb128 0x7
 1450 004b 01       		.uleb128 0x1
 1451 004c 01       		.byte	0x1
 1452 004d 49       		.uleb128 0x49
 1453 004e 13       		.uleb128 0x13
 1454 004f 01       		.uleb128 0x1
 1455 0050 13       		.uleb128 0x13
 1456 0051 00       		.byte	0
 1457 0052 00       		.byte	0
 1458 0053 08       		.uleb128 0x8
 1459 0054 21       		.uleb128 0x21
 1460 0055 00       		.byte	0
 1461 0056 49       		.uleb128 0x49
 1462 0057 13       		.uleb128 0x13
 1463 0058 2F       		.uleb128 0x2f
 1464 0059 0B       		.uleb128 0xb
 1465 005a 00       		.byte	0
 1466 005b 00       		.byte	0
 1467 005c 09       		.uleb128 0x9
 1468 005d 13       		.uleb128 0x13
 1469 005e 01       		.byte	0x1
 1470 005f 03       		.uleb128 0x3
 1471 0060 0E       		.uleb128 0xe
 1472 0061 0B       		.uleb128 0xb
 1473 0062 0B       		.uleb128 0xb
ARM GAS  C:\Users\ASUS\AppData\Local\Temp\ccLm5lP4.s 			page 31


 1474 0063 3A       		.uleb128 0x3a
 1475 0064 0B       		.uleb128 0xb
 1476 0065 3B       		.uleb128 0x3b
 1477 0066 0B       		.uleb128 0xb
 1478 0067 01       		.uleb128 0x1
 1479 0068 13       		.uleb128 0x13
 1480 0069 00       		.byte	0
 1481 006a 00       		.byte	0
 1482 006b 0A       		.uleb128 0xa
 1483 006c 0D       		.uleb128 0xd
 1484 006d 00       		.byte	0
 1485 006e 03       		.uleb128 0x3
 1486 006f 08       		.uleb128 0x8
 1487 0070 3A       		.uleb128 0x3a
 1488 0071 0B       		.uleb128 0xb
 1489 0072 3B       		.uleb128 0x3b
 1490 0073 0B       		.uleb128 0xb
 1491 0074 49       		.uleb128 0x49
 1492 0075 13       		.uleb128 0x13
 1493 0076 38       		.uleb128 0x38
 1494 0077 0B       		.uleb128 0xb
 1495 0078 00       		.byte	0
 1496 0079 00       		.byte	0
 1497 007a 0B       		.uleb128 0xb
 1498 007b 0D       		.uleb128 0xd
 1499 007c 00       		.byte	0
 1500 007d 03       		.uleb128 0x3
 1501 007e 0E       		.uleb128 0xe
 1502 007f 3A       		.uleb128 0x3a
 1503 0080 0B       		.uleb128 0xb
 1504 0081 3B       		.uleb128 0x3b
 1505 0082 0B       		.uleb128 0xb
 1506 0083 49       		.uleb128 0x49
 1507 0084 13       		.uleb128 0x13
 1508 0085 38       		.uleb128 0x38
 1509 0086 0B       		.uleb128 0xb
 1510 0087 00       		.byte	0
 1511 0088 00       		.byte	0
 1512 0089 0C       		.uleb128 0xc
 1513 008a 2E       		.uleb128 0x2e
 1514 008b 01       		.byte	0x1
 1515 008c 3F       		.uleb128 0x3f
 1516 008d 19       		.uleb128 0x19
 1517 008e 03       		.uleb128 0x3
 1518 008f 0E       		.uleb128 0xe
 1519 0090 3A       		.uleb128 0x3a
 1520 0091 0B       		.uleb128 0xb
 1521 0092 3B       		.uleb128 0x3b
 1522 0093 0B       		.uleb128 0xb
 1523 0094 49       		.uleb128 0x49
 1524 0095 13       		.uleb128 0x13
 1525 0096 11       		.uleb128 0x11
 1526 0097 01       		.uleb128 0x1
 1527 0098 12       		.uleb128 0x12
 1528 0099 06       		.uleb128 0x6
 1529 009a 40       		.uleb128 0x40
 1530 009b 18       		.uleb128 0x18
ARM GAS  C:\Users\ASUS\AppData\Local\Temp\ccLm5lP4.s 			page 32


 1531 009c 9742     		.uleb128 0x2117
 1532 009e 19       		.uleb128 0x19
 1533 009f 01       		.uleb128 0x1
 1534 00a0 13       		.uleb128 0x13
 1535 00a1 00       		.byte	0
 1536 00a2 00       		.byte	0
 1537 00a3 0D       		.uleb128 0xd
 1538 00a4 34       		.uleb128 0x34
 1539 00a5 00       		.byte	0
 1540 00a6 03       		.uleb128 0x3
 1541 00a7 0E       		.uleb128 0xe
 1542 00a8 3A       		.uleb128 0x3a
 1543 00a9 0B       		.uleb128 0xb
 1544 00aa 3B       		.uleb128 0x3b
 1545 00ab 0B       		.uleb128 0xb
 1546 00ac 49       		.uleb128 0x49
 1547 00ad 13       		.uleb128 0x13
 1548 00ae 02       		.uleb128 0x2
 1549 00af 17       		.uleb128 0x17
 1550 00b0 00       		.byte	0
 1551 00b1 00       		.byte	0
 1552 00b2 0E       		.uleb128 0xe
 1553 00b3 34       		.uleb128 0x34
 1554 00b4 00       		.byte	0
 1555 00b5 03       		.uleb128 0x3
 1556 00b6 08       		.uleb128 0x8
 1557 00b7 3A       		.uleb128 0x3a
 1558 00b8 0B       		.uleb128 0xb
 1559 00b9 3B       		.uleb128 0x3b
 1560 00ba 0B       		.uleb128 0xb
 1561 00bb 49       		.uleb128 0x49
 1562 00bc 13       		.uleb128 0x13
 1563 00bd 02       		.uleb128 0x2
 1564 00be 17       		.uleb128 0x17
 1565 00bf 00       		.byte	0
 1566 00c0 00       		.byte	0
 1567 00c1 0F       		.uleb128 0xf
 1568 00c2 898201   		.uleb128 0x4109
 1569 00c5 00       		.byte	0
 1570 00c6 11       		.uleb128 0x11
 1571 00c7 01       		.uleb128 0x1
 1572 00c8 31       		.uleb128 0x31
 1573 00c9 13       		.uleb128 0x13
 1574 00ca 00       		.byte	0
 1575 00cb 00       		.byte	0
 1576 00cc 10       		.uleb128 0x10
 1577 00cd 898201   		.uleb128 0x4109
 1578 00d0 01       		.byte	0x1
 1579 00d1 11       		.uleb128 0x11
 1580 00d2 01       		.uleb128 0x1
 1581 00d3 31       		.uleb128 0x31
 1582 00d4 13       		.uleb128 0x13
 1583 00d5 01       		.uleb128 0x1
 1584 00d6 13       		.uleb128 0x13
 1585 00d7 00       		.byte	0
 1586 00d8 00       		.byte	0
 1587 00d9 11       		.uleb128 0x11
ARM GAS  C:\Users\ASUS\AppData\Local\Temp\ccLm5lP4.s 			page 33


 1588 00da 8A8201   		.uleb128 0x410a
 1589 00dd 00       		.byte	0
 1590 00de 02       		.uleb128 0x2
 1591 00df 18       		.uleb128 0x18
 1592 00e0 9142     		.uleb128 0x2111
 1593 00e2 18       		.uleb128 0x18
 1594 00e3 00       		.byte	0
 1595 00e4 00       		.byte	0
 1596 00e5 12       		.uleb128 0x12
 1597 00e6 2E       		.uleb128 0x2e
 1598 00e7 01       		.byte	0x1
 1599 00e8 3F       		.uleb128 0x3f
 1600 00e9 19       		.uleb128 0x19
 1601 00ea 03       		.uleb128 0x3
 1602 00eb 0E       		.uleb128 0xe
 1603 00ec 3A       		.uleb128 0x3a
 1604 00ed 0B       		.uleb128 0xb
 1605 00ee 3B       		.uleb128 0x3b
 1606 00ef 0B       		.uleb128 0xb
 1607 00f0 27       		.uleb128 0x27
 1608 00f1 19       		.uleb128 0x19
 1609 00f2 49       		.uleb128 0x49
 1610 00f3 13       		.uleb128 0x13
 1611 00f4 11       		.uleb128 0x11
 1612 00f5 01       		.uleb128 0x1
 1613 00f6 12       		.uleb128 0x12
 1614 00f7 06       		.uleb128 0x6
 1615 00f8 40       		.uleb128 0x40
 1616 00f9 18       		.uleb128 0x18
 1617 00fa 9742     		.uleb128 0x2117
 1618 00fc 19       		.uleb128 0x19
 1619 00fd 01       		.uleb128 0x1
 1620 00fe 13       		.uleb128 0x13
 1621 00ff 00       		.byte	0
 1622 0100 00       		.byte	0
 1623 0101 13       		.uleb128 0x13
 1624 0102 34       		.uleb128 0x34
 1625 0103 00       		.byte	0
 1626 0104 03       		.uleb128 0x3
 1627 0105 0E       		.uleb128 0xe
 1628 0106 3A       		.uleb128 0x3a
 1629 0107 0B       		.uleb128 0xb
 1630 0108 3B       		.uleb128 0x3b
 1631 0109 0B       		.uleb128 0xb
 1632 010a 49       		.uleb128 0x49
 1633 010b 13       		.uleb128 0x13
 1634 010c 02       		.uleb128 0x2
 1635 010d 18       		.uleb128 0x18
 1636 010e 00       		.byte	0
 1637 010f 00       		.byte	0
 1638 0110 14       		.uleb128 0x14
 1639 0111 34       		.uleb128 0x34
 1640 0112 00       		.byte	0
 1641 0113 03       		.uleb128 0x3
 1642 0114 0E       		.uleb128 0xe
 1643 0115 3A       		.uleb128 0x3a
 1644 0116 0B       		.uleb128 0xb
ARM GAS  C:\Users\ASUS\AppData\Local\Temp\ccLm5lP4.s 			page 34


 1645 0117 3B       		.uleb128 0x3b
 1646 0118 05       		.uleb128 0x5
 1647 0119 49       		.uleb128 0x49
 1648 011a 13       		.uleb128 0x13
 1649 011b 3F       		.uleb128 0x3f
 1650 011c 19       		.uleb128 0x19
 1651 011d 3C       		.uleb128 0x3c
 1652 011e 19       		.uleb128 0x19
 1653 011f 00       		.byte	0
 1654 0120 00       		.byte	0
 1655 0121 15       		.uleb128 0x15
 1656 0122 34       		.uleb128 0x34
 1657 0123 00       		.byte	0
 1658 0124 03       		.uleb128 0x3
 1659 0125 0E       		.uleb128 0xe
 1660 0126 3A       		.uleb128 0x3a
 1661 0127 0B       		.uleb128 0xb
 1662 0128 3B       		.uleb128 0x3b
 1663 0129 0B       		.uleb128 0xb
 1664 012a 49       		.uleb128 0x49
 1665 012b 13       		.uleb128 0x13
 1666 012c 3F       		.uleb128 0x3f
 1667 012d 19       		.uleb128 0x19
 1668 012e 02       		.uleb128 0x2
 1669 012f 18       		.uleb128 0x18
 1670 0130 00       		.byte	0
 1671 0131 00       		.byte	0
 1672 0132 16       		.uleb128 0x16
 1673 0133 34       		.uleb128 0x34
 1674 0134 00       		.byte	0
 1675 0135 03       		.uleb128 0x3
 1676 0136 08       		.uleb128 0x8
 1677 0137 3A       		.uleb128 0x3a
 1678 0138 0B       		.uleb128 0xb
 1679 0139 3B       		.uleb128 0x3b
 1680 013a 0B       		.uleb128 0xb
 1681 013b 49       		.uleb128 0x49
 1682 013c 13       		.uleb128 0x13
 1683 013d 3F       		.uleb128 0x3f
 1684 013e 19       		.uleb128 0x19
 1685 013f 02       		.uleb128 0x2
 1686 0140 18       		.uleb128 0x18
 1687 0141 00       		.byte	0
 1688 0142 00       		.byte	0
 1689 0143 17       		.uleb128 0x17
 1690 0144 2E       		.uleb128 0x2e
 1691 0145 00       		.byte	0
 1692 0146 3F       		.uleb128 0x3f
 1693 0147 19       		.uleb128 0x19
 1694 0148 03       		.uleb128 0x3
 1695 0149 0E       		.uleb128 0xe
 1696 014a 3A       		.uleb128 0x3a
 1697 014b 0B       		.uleb128 0xb
 1698 014c 3B       		.uleb128 0x3b
 1699 014d 0B       		.uleb128 0xb
 1700 014e 27       		.uleb128 0x27
 1701 014f 19       		.uleb128 0x19
ARM GAS  C:\Users\ASUS\AppData\Local\Temp\ccLm5lP4.s 			page 35


 1702 0150 49       		.uleb128 0x49
 1703 0151 13       		.uleb128 0x13
 1704 0152 3C       		.uleb128 0x3c
 1705 0153 19       		.uleb128 0x19
 1706 0154 00       		.byte	0
 1707 0155 00       		.byte	0
 1708 0156 18       		.uleb128 0x18
 1709 0157 2E       		.uleb128 0x2e
 1710 0158 01       		.byte	0x1
 1711 0159 3F       		.uleb128 0x3f
 1712 015a 19       		.uleb128 0x19
 1713 015b 03       		.uleb128 0x3
 1714 015c 0E       		.uleb128 0xe
 1715 015d 3A       		.uleb128 0x3a
 1716 015e 0B       		.uleb128 0xb
 1717 015f 3B       		.uleb128 0x3b
 1718 0160 0B       		.uleb128 0xb
 1719 0161 27       		.uleb128 0x27
 1720 0162 19       		.uleb128 0x19
 1721 0163 49       		.uleb128 0x49
 1722 0164 13       		.uleb128 0x13
 1723 0165 3C       		.uleb128 0x3c
 1724 0166 19       		.uleb128 0x19
 1725 0167 01       		.uleb128 0x1
 1726 0168 13       		.uleb128 0x13
 1727 0169 00       		.byte	0
 1728 016a 00       		.byte	0
 1729 016b 19       		.uleb128 0x19
 1730 016c 05       		.uleb128 0x5
 1731 016d 00       		.byte	0
 1732 016e 49       		.uleb128 0x49
 1733 016f 13       		.uleb128 0x13
 1734 0170 00       		.byte	0
 1735 0171 00       		.byte	0
 1736 0172 1A       		.uleb128 0x1a
 1737 0173 2E       		.uleb128 0x2e
 1738 0174 01       		.byte	0x1
 1739 0175 3F       		.uleb128 0x3f
 1740 0176 19       		.uleb128 0x19
 1741 0177 03       		.uleb128 0x3
 1742 0178 0E       		.uleb128 0xe
 1743 0179 3A       		.uleb128 0x3a
 1744 017a 0B       		.uleb128 0xb
 1745 017b 3B       		.uleb128 0x3b
 1746 017c 0B       		.uleb128 0xb
 1747 017d 27       		.uleb128 0x27
 1748 017e 19       		.uleb128 0x19
 1749 017f 3C       		.uleb128 0x3c
 1750 0180 19       		.uleb128 0x19
 1751 0181 01       		.uleb128 0x1
 1752 0182 13       		.uleb128 0x13
 1753 0183 00       		.byte	0
 1754 0184 00       		.byte	0
 1755 0185 1B       		.uleb128 0x1b
 1756 0186 2E       		.uleb128 0x2e
 1757 0187 01       		.byte	0x1
 1758 0188 3F       		.uleb128 0x3f
ARM GAS  C:\Users\ASUS\AppData\Local\Temp\ccLm5lP4.s 			page 36


 1759 0189 19       		.uleb128 0x19
 1760 018a 03       		.uleb128 0x3
 1761 018b 0E       		.uleb128 0xe
 1762 018c 3A       		.uleb128 0x3a
 1763 018d 0B       		.uleb128 0xb
 1764 018e 3B       		.uleb128 0x3b
 1765 018f 0B       		.uleb128 0xb
 1766 0190 27       		.uleb128 0x27
 1767 0191 19       		.uleb128 0x19
 1768 0192 49       		.uleb128 0x49
 1769 0193 13       		.uleb128 0x13
 1770 0194 3C       		.uleb128 0x3c
 1771 0195 19       		.uleb128 0x19
 1772 0196 00       		.byte	0
 1773 0197 00       		.byte	0
 1774 0198 00       		.byte	0
 1775              		.section	.debug_loc,"",%progbits
 1776              	.Ldebug_loc0:
 1777              	.LLST0:
 1778 0000 12000000 		.4byte	.LVL3
 1779 0004 16000000 		.4byte	.LVL4
 1780 0008 0100     		.2byte	0x1
 1781 000a 50       		.byte	0x50
 1782 000b 1A000000 		.4byte	.LVL5
 1783 000f 1F000000 		.4byte	.LVL6-1
 1784 0013 0100     		.2byte	0x1
 1785 0015 50       		.byte	0x50
 1786 0016 2E000000 		.4byte	.LVL8
 1787 001a 35000000 		.4byte	.LVL9-1
 1788 001e 0100     		.2byte	0x1
 1789 0020 50       		.byte	0x50
 1790 0021 4A000000 		.4byte	.LVL13
 1791 0025 4C000000 		.4byte	.LVL14
 1792 0029 0100     		.2byte	0x1
 1793 002b 50       		.byte	0x50
 1794 002c 4E000000 		.4byte	.LVL15
 1795 0030 50000000 		.4byte	.LVL16
 1796 0034 0100     		.2byte	0x1
 1797 0036 50       		.byte	0x50
 1798 0037 52000000 		.4byte	.LVL17
 1799 003b 54000000 		.4byte	.LVL18
 1800 003f 0100     		.2byte	0x1
 1801 0041 50       		.byte	0x50
 1802 0042 00000000 		.4byte	0
 1803 0046 00000000 		.4byte	0
 1804              	.LLST1:
 1805 004a 02000000 		.4byte	.LVL0
 1806 004e 06000000 		.4byte	.LVL1
 1807 0052 0200     		.2byte	0x2
 1808 0054 31       		.byte	0x31
 1809 0055 9F       		.byte	0x9f
 1810 0056 06000000 		.4byte	.LVL1
 1811 005a 40000000 		.4byte	.LVL11
 1812 005e 0100     		.2byte	0x1
 1813 0060 54       		.byte	0x54
 1814 0061 42000000 		.4byte	.LVL12
 1815 0065 56000000 		.4byte	.LVL19
ARM GAS  C:\Users\ASUS\AppData\Local\Temp\ccLm5lP4.s 			page 37


 1816 0069 0100     		.2byte	0x1
 1817 006b 54       		.byte	0x54
 1818 006c 00000000 		.4byte	0
 1819 0070 00000000 		.4byte	0
 1820              	.LLST2:
 1821 0074 12000000 		.4byte	.LVL23
 1822 0078 16000000 		.4byte	.LVL24
 1823 007c 0100     		.2byte	0x1
 1824 007e 50       		.byte	0x50
 1825 007f 1A000000 		.4byte	.LVL25
 1826 0083 1F000000 		.4byte	.LVL26-1
 1827 0087 0100     		.2byte	0x1
 1828 0089 50       		.byte	0x50
 1829 008a 2E000000 		.4byte	.LVL28
 1830 008e 35000000 		.4byte	.LVL29-1
 1831 0092 0100     		.2byte	0x1
 1832 0094 50       		.byte	0x50
 1833 0095 4A000000 		.4byte	.LVL33
 1834 0099 4C000000 		.4byte	.LVL34
 1835 009d 0100     		.2byte	0x1
 1836 009f 50       		.byte	0x50
 1837 00a0 4E000000 		.4byte	.LVL35
 1838 00a4 50000000 		.4byte	.LVL36
 1839 00a8 0100     		.2byte	0x1
 1840 00aa 50       		.byte	0x50
 1841 00ab 52000000 		.4byte	.LVL37
 1842 00af 54000000 		.4byte	.LVL38
 1843 00b3 0100     		.2byte	0x1
 1844 00b5 50       		.byte	0x50
 1845 00b6 00000000 		.4byte	0
 1846 00ba 00000000 		.4byte	0
 1847              	.LLST3:
 1848 00be 02000000 		.4byte	.LVL20
 1849 00c2 06000000 		.4byte	.LVL21
 1850 00c6 0200     		.2byte	0x2
 1851 00c8 34       		.byte	0x34
 1852 00c9 9F       		.byte	0x9f
 1853 00ca 06000000 		.4byte	.LVL21
 1854 00ce 40000000 		.4byte	.LVL31
 1855 00d2 0100     		.2byte	0x1
 1856 00d4 54       		.byte	0x54
 1857 00d5 42000000 		.4byte	.LVL32
 1858 00d9 56000000 		.4byte	.LVL39
 1859 00dd 0100     		.2byte	0x1
 1860 00df 54       		.byte	0x54
 1861 00e0 00000000 		.4byte	0
 1862 00e4 00000000 		.4byte	0
 1863              	.LLST4:
 1864 00e8 24000000 		.4byte	.LVL41
 1865 00ec 28000000 		.4byte	.LVL42
 1866 00f0 0100     		.2byte	0x1
 1867 00f2 50       		.byte	0x50
 1868 00f3 2A000000 		.4byte	.LVL43
 1869 00f7 32000000 		.4byte	.LVL44
 1870 00fb 0100     		.2byte	0x1
 1871 00fd 50       		.byte	0x50
 1872 00fe 36000000 		.4byte	.LVL45
ARM GAS  C:\Users\ASUS\AppData\Local\Temp\ccLm5lP4.s 			page 38


 1873 0102 47000000 		.4byte	.LVL50-1
 1874 0106 0100     		.2byte	0x1
 1875 0108 50       		.byte	0x50
 1876 0109 4C000000 		.4byte	.LVL51
 1877 010d 4E000000 		.4byte	.LVL52
 1878 0111 0100     		.2byte	0x1
 1879 0113 50       		.byte	0x50
 1880 0114 00000000 		.4byte	0
 1881 0118 00000000 		.4byte	0
 1882              	.LLST5:
 1883 011c 2A000000 		.4byte	.LVL43
 1884 0120 3A000000 		.4byte	.LVL46
 1885 0124 0100     		.2byte	0x1
 1886 0126 54       		.byte	0x54
 1887 0127 3C000000 		.4byte	.LVL47
 1888 012b 3E000000 		.4byte	.LVL48
 1889 012f 0100     		.2byte	0x1
 1890 0131 54       		.byte	0x54
 1891 0132 40000000 		.4byte	.LVL49
 1892 0136 4E000000 		.4byte	.LVL52
 1893 013a 0100     		.2byte	0x1
 1894 013c 54       		.byte	0x54
 1895 013d 00000000 		.4byte	0
 1896 0141 00000000 		.4byte	0
 1897              	.LLST6:
 1898 0145 2A000000 		.4byte	.LVL54
 1899 0149 2E000000 		.4byte	.LVL55
 1900 014d 0100     		.2byte	0x1
 1901 014f 50       		.byte	0x50
 1902 0150 30000000 		.4byte	.LVL56
 1903 0154 38000000 		.4byte	.LVL57
 1904 0158 0100     		.2byte	0x1
 1905 015a 50       		.byte	0x50
 1906 015b 3C000000 		.4byte	.LVL58
 1907 015f 4D000000 		.4byte	.LVL63-1
 1908 0163 0100     		.2byte	0x1
 1909 0165 50       		.byte	0x50
 1910 0166 52000000 		.4byte	.LVL64
 1911 016a 54000000 		.4byte	.LVL65
 1912 016e 0100     		.2byte	0x1
 1913 0170 50       		.byte	0x50
 1914 0171 00000000 		.4byte	0
 1915 0175 00000000 		.4byte	0
 1916              	.LLST7:
 1917 0179 30000000 		.4byte	.LVL56
 1918 017d 40000000 		.4byte	.LVL59
 1919 0181 0100     		.2byte	0x1
 1920 0183 54       		.byte	0x54
 1921 0184 42000000 		.4byte	.LVL60
 1922 0188 44000000 		.4byte	.LVL61
 1923 018c 0100     		.2byte	0x1
 1924 018e 54       		.byte	0x54
 1925 018f 46000000 		.4byte	.LVL62
 1926 0193 54000000 		.4byte	.LVL65
 1927 0197 0100     		.2byte	0x1
 1928 0199 54       		.byte	0x54
 1929 019a 00000000 		.4byte	0
ARM GAS  C:\Users\ASUS\AppData\Local\Temp\ccLm5lP4.s 			page 39


 1930 019e 00000000 		.4byte	0
 1931              		.section	.debug_aranges,"",%progbits
 1932 0000 34000000 		.4byte	0x34
 1933 0004 0200     		.2byte	0x2
 1934 0006 00000000 		.4byte	.Ldebug_info0
 1935 000a 04       		.byte	0x4
 1936 000b 00       		.byte	0
 1937 000c 0000     		.2byte	0
 1938 000e 0000     		.2byte	0
 1939 0010 00000000 		.4byte	.LFB63
 1940 0014 5C000000 		.4byte	.LFE63-.LFB63
 1941 0018 00000000 		.4byte	.LFB64
 1942 001c 5C000000 		.4byte	.LFE64-.LFB64
 1943 0020 00000000 		.4byte	.LFB65
 1944 0024 58000000 		.4byte	.LFE65-.LFB65
 1945 0028 00000000 		.4byte	.LFB66
 1946 002c 5C000000 		.4byte	.LFE66-.LFB66
 1947 0030 00000000 		.4byte	0
 1948 0034 00000000 		.4byte	0
 1949              		.section	.debug_ranges,"",%progbits
 1950              	.Ldebug_ranges0:
 1951 0000 00000000 		.4byte	.LFB63
 1952 0004 5C000000 		.4byte	.LFE63
 1953 0008 00000000 		.4byte	.LFB64
 1954 000c 5C000000 		.4byte	.LFE64
 1955 0010 00000000 		.4byte	.LFB65
 1956 0014 58000000 		.4byte	.LFE65
 1957 0018 00000000 		.4byte	.LFB66
 1958 001c 5C000000 		.4byte	.LFE66
 1959 0020 00000000 		.4byte	0
 1960 0024 00000000 		.4byte	0
 1961              		.section	.debug_line,"",%progbits
 1962              	.Ldebug_line0:
 1963 0000 42020000 		.section	.debug_str,"MS",%progbits,1
 1963      02007001 
 1963      00000201 
 1963      FB0E0D00 
 1963      01010101 
 1964              	.LASF68:
 1965 0000 474E5520 		.ascii	"GNU C 4.9.3 20150303 (release) [ARM/embedded-4_9-br"
 1965      4320342E 
 1965      392E3320 
 1965      32303135 
 1965      30333033 
 1966 0033 616E6368 		.ascii	"anch revision 221220] -mcpu=cortex-m3 -mthumb -g -O"
 1966      20726576 
 1966      6973696F 
 1966      6E203232 
 1966      31323230 
 1967 0066 67202D66 		.ascii	"g -ffunction-sections -ffat-lto-objects\000"
 1967      66756E63 
 1967      74696F6E 
 1967      2D736563 
 1967      74696F6E 
 1968              	.LASF45:
 1969 008e 6E6F6D62 		.ascii	"nombre_pro2\000"
 1969      72655F70 
ARM GAS  C:\Users\ASUS\AppData\Local\Temp\ccLm5lP4.s 			page 40


 1969      726F3200 
 1970              	.LASF47:
 1971 009a 76657273 		.ascii	"version\000"
 1971      696F6E00 
 1972              	.LASF70:
 1973 00a2 433A5C55 		.ascii	"C:\\Users\\ASUS\\Documents\\Distracom\\Proyectos\\S"
 1973      73657273 
 1973      5C415355 
 1973      535C446F 
 1973      63756D65 
 1974 00cf 69737465 		.ascii	"istema_POS\\Programa\\Psoc_Perisfericos\\FC_Impresi"
 1974      6D615F50 
 1974      4F535C50 
 1974      726F6772 
 1974      616D615C 
 1975 00ff 6F6E5C56 		.ascii	"on\\V1.0\\FC_Impresion.cydsn\000"
 1975      312E305C 
 1975      46435F49 
 1975      6D707265 
 1975      73696F6E 
 1976              	.LASF27:
 1977 011a 6D616E67 		.ascii	"manguera\000"
 1977      75657261 
 1977      00
 1978              	.LASF2:
 1979 0123 73686F72 		.ascii	"short int\000"
 1979      7420696E 
 1979      7400
 1980              	.LASF16:
 1981 012d 73697A65 		.ascii	"sizetype\000"
 1981      74797065 
 1981      00
 1982              	.LASF24:
 1983 0136 64696E65 		.ascii	"dinero\000"
 1983      726F00
 1984              	.LASF65:
 1985 013d 4932435F 		.ascii	"I2C_1_MasterSendStop\000"
 1985      315F4D61 
 1985      73746572 
 1985      53656E64 
 1985      53746F70 
 1986              	.LASF32:
 1987 0152 63656475 		.ascii	"cedula\000"
 1987      6C6100
 1988              	.LASF33:
 1989 0159 70617373 		.ascii	"password\000"
 1989      776F7264 
 1989      00
 1990              	.LASF34:
 1991 0162 7475726E 		.ascii	"turno\000"
 1991      6F00
 1992              	.LASF60:
 1993 0168 7072696E 		.ascii	"print1\000"
 1993      743100
 1994              	.LASF61:
 1995 016f 7072696E 		.ascii	"print2\000"
 1995      743200
ARM GAS  C:\Users\ASUS\AppData\Local\Temp\ccLm5lP4.s 			page 41


 1996              	.LASF63:
 1997 0176 4932435F 		.ascii	"I2C_1_MasterWriteByte\000"
 1997      315F4D61 
 1997      73746572 
 1997      57726974 
 1997      65427974 
 1998              	.LASF40:
 1999 018c 77726974 		.ascii	"write_hora\000"
 1999      655F686F 
 1999      726100
 2000              	.LASF30:
 2001 0197 696D7072 		.ascii	"imprimir\000"
 2001      696D6972 
 2001      00
 2002              	.LASF67:
 2003 01a0 4932435F 		.ascii	"I2C_1_MasterReadByte\000"
 2003      315F4D61 
 2003      73746572 
 2003      52656164 
 2003      42797465 
 2004              	.LASF50:
 2005 01b5 6E6F6D62 		.ascii	"nombre\000"
 2005      726500
 2006              	.LASF11:
 2007 01bc 75696E74 		.ascii	"uint8\000"
 2007      3800
 2008              	.LASF22:
 2009 01c2 696D7072 		.ascii	"impresiones\000"
 2009      6573696F 
 2009      6E657300 
 2010              	.LASF20:
 2011 01ce 73757274 		.ascii	"surtidor\000"
 2011      69646F72 
 2011      00
 2012              	.LASF48:
 2013 01d7 6C61646F 		.ascii	"lado1\000"
 2013      3100
 2014              	.LASF13:
 2015 01dd 666C6F61 		.ascii	"float\000"
 2015      7400
 2016              	.LASF6:
 2017 01e3 6C6F6E67 		.ascii	"long long int\000"
 2017      206C6F6E 
 2017      6720696E 
 2017      7400
 2018              	.LASF69:
 2019 01f1 2E5C6932 		.ascii	".\\i2c.c\000"
 2019      632E6300 
 2020              	.LASF4:
 2021 01f9 6C6F6E67 		.ascii	"long int\000"
 2021      20696E74 
 2021      00
 2022              	.LASF17:
 2023 0202 746F7461 		.ascii	"totales\000"
 2023      6C657300 
 2024              	.LASF37:
 2025 020a 6C656572 		.ascii	"leer_hora\000"
ARM GAS  C:\Users\ASUS\AppData\Local\Temp\ccLm5lP4.s 			page 42


 2025      5F686F72 
 2025      6100
 2026              	.LASF1:
 2027 0214 756E7369 		.ascii	"unsigned char\000"
 2027      676E6564 
 2027      20636861 
 2027      7200
 2028              	.LASF23:
 2029 0222 706F7369 		.ascii	"posicion\000"
 2029      63696F6E 
 2029      00
 2030              	.LASF0:
 2031 022b 7369676E 		.ascii	"signed char\000"
 2031      65642063 
 2031      68617200 
 2032              	.LASF7:
 2033 0237 6C6F6E67 		.ascii	"long long unsigned int\000"
 2033      206C6F6E 
 2033      6720756E 
 2033      7369676E 
 2033      65642069 
 2034              	.LASF43:
 2035 024e 70707578 		.ascii	"ppux10\000"
 2035      313000
 2036              	.LASF35:
 2037 0255 6175746F 		.ascii	"autorizado\000"
 2037      72697A61 
 2037      646F00
 2038              	.LASF8:
 2039 0260 756E7369 		.ascii	"unsigned int\000"
 2039      676E6564 
 2039      20696E74 
 2039      00
 2040              	.LASF53:
 2041 026d 6C656D61 		.ascii	"lema1\000"
 2041      3100
 2042              	.LASF54:
 2043 0273 6C656D61 		.ascii	"lema2\000"
 2043      3200
 2044              	.LASF57:
 2045 0279 686F7261 		.ascii	"hora\000"
 2045      00
 2046              	.LASF26:
 2047 027e 70726F64 		.ascii	"producto\000"
 2047      7563746F 
 2047      00
 2048              	.LASF3:
 2049 0287 73686F72 		.ascii	"short unsigned int\000"
 2049      7420756E 
 2049      7369676E 
 2049      65642069 
 2049      6E7400
 2050              	.LASF18:
 2051 029a 67726164 		.ascii	"grado\000"
 2051      6F00
 2052              	.LASF36:
 2053 02a0 73746174 		.ascii	"status\000"
ARM GAS  C:\Users\ASUS\AppData\Local\Temp\ccLm5lP4.s 			page 43


 2053      757300
 2054              	.LASF25:
 2055 02a7 766F6C75 		.ascii	"volumen\000"
 2055      6D656E00 
 2056              	.LASF15:
 2057 02af 63686172 		.ascii	"char\000"
 2057      00
 2058              	.LASF58:
 2059 02b4 7276656E 		.ascii	"rventa1\000"
 2059      74613100 
 2060              	.LASF59:
 2061 02bc 7276656E 		.ascii	"rventa2\000"
 2061      74613200 
 2062              	.LASF10:
 2063 02c4 696E7433 		.ascii	"int32_t\000"
 2063      325F7400 
 2064              	.LASF56:
 2065 02cc 66656368 		.ascii	"fecha\000"
 2065      6100
 2066              	.LASF49:
 2067 02d2 6C61646F 		.ascii	"lado2\000"
 2067      3200
 2068              	.LASF55:
 2069 02d8 69645F6C 		.ascii	"id_logo\000"
 2069      6F676F00 
 2070              	.LASF19:
 2071 02e0 6D616E67 		.ascii	"mangueras\000"
 2071      75657261 
 2071      7300
 2072              	.LASF12:
 2073 02ea 75696E74 		.ascii	"uint32\000"
 2073      333200
 2074              	.LASF52:
 2075 02f1 64697265 		.ascii	"direccion\000"
 2075      6363696F 
 2075      6E00
 2076              	.LASF5:
 2077 02fb 6C6F6E67 		.ascii	"long unsigned int\000"
 2077      20756E73 
 2077      69676E65 
 2077      6420696E 
 2077      7400
 2078              	.LASF21:
 2079 030d 72656369 		.ascii	"recibo\000"
 2079      626F00
 2080              	.LASF39:
 2081 0314 6461746F 		.ascii	"dato\000"
 2081      00
 2082              	.LASF38:
 2083 0319 6C656572 		.ascii	"leer_fecha\000"
 2083      5F666563 
 2083      686100
 2084              	.LASF62:
 2085 0324 4932435F 		.ascii	"I2C_1_MasterSendStart\000"
 2085      315F4D61 
 2085      73746572 
 2085      53656E64 
ARM GAS  C:\Users\ASUS\AppData\Local\Temp\ccLm5lP4.s 			page 44


 2085      53746172 
 2086              	.LASF28:
 2087 033a 70726573 		.ascii	"preset\000"
 2087      657400
 2088              	.LASF9:
 2089 0341 5F5F696E 		.ascii	"__int32_t\000"
 2089      7433325F 
 2089      7400
 2090              	.LASF44:
 2091 034b 6E6F6D62 		.ascii	"nombre_pro1\000"
 2091      72655F70 
 2091      726F3100 
 2092              	.LASF31:
 2093 0357 7469706F 		.ascii	"tipo_venta\000"
 2093      5F76656E 
 2093      746100
 2094              	.LASF46:
 2095 0362 6E6F6D62 		.ascii	"nombre_pro3\000"
 2095      72655F70 
 2095      726F3300 
 2096              	.LASF41:
 2097 036e 77726974 		.ascii	"write_fecha\000"
 2097      655F6665 
 2097      63686100 
 2098              	.LASF29:
 2099 037a 706C6163 		.ascii	"placa\000"
 2099      6100
 2100              	.LASF14:
 2101 0380 646F7562 		.ascii	"double\000"
 2101      6C6500
 2102              	.LASF51:
 2103 0387 74656C65 		.ascii	"telefono\000"
 2103      666F6E6F 
 2103      00
 2104              	.LASF42:
 2105 0390 49544D5F 		.ascii	"ITM_RxBuffer\000"
 2105      52784275 
 2105      66666572 
 2105      00
 2106              	.LASF66:
 2107 039d 43794465 		.ascii	"CyDelay\000"
 2107      6C617900 
 2108              	.LASF64:
 2109 03a5 4932435F 		.ascii	"I2C_1_MasterClearStatus\000"
 2109      315F4D61 
 2109      73746572 
 2109      436C6561 
 2109      72537461 
 2110              		.ident	"GCC: (GNU Tools for ARM Embedded Processors) 4.9.3 20150303 (release) [ARM/embedded-4_9-br
